[0.099s] DEBUG:colcon:Command line arguments: ['/usr/bin/colcon', 'build', '--packages-select', 'cpp_pubsub']
[0.099s] DEBUG:colcon:Parsed command line arguments: Namespace(log_base=None, log_level=None, verb_name='build', build_base='build', install_base='install', merge_install=False, symlink_install=False, test_result_base=None, continue_on_error=False, executor='parallel', parallel_workers=8, event_handlers=None, ignore_user_meta=False, metas=['./colcon.meta'], base_paths=['.'], packages_ignore=None, packages_ignore_regex=None, paths=None, packages_up_to=None, packages_up_to_regex=None, packages_above=None, packages_above_and_dependencies=None, packages_above_depth=None, packages_select_by_dep=None, packages_skip_by_dep=None, packages_skip_up_to=None, packages_select_build_failed=False, packages_skip_build_finished=False, packages_select_test_failures=False, packages_skip_test_passed=False, packages_select=['cpp_pubsub'], packages_skip=None, packages_select_regex=None, packages_skip_regex=None, packages_start=None, packages_end=None, allow_overriding=[], cmake_args=None, cmake_target=None, cmake_target_skip_unavailable=False, cmake_clean_cache=False, cmake_clean_first=False, cmake_force_configure=False, ament_cmake_args=None, catkin_cmake_args=None, catkin_skip_building_tests=False, mixin_files=None, mixin=None, verb_parser=<colcon_mixin.mixin.mixin_argument.MixinArgumentDecorator object at 0x781fe164dde0>, verb_extension=<colcon_core.verb.build.BuildVerb object at 0x781fe164d6f0>, main=<bound method BuildVerb.main of <colcon_core.verb.build.BuildVerb object at 0x781fe164d6f0>>, mixin_verb=('build',))
[0.232s] Level 1:colcon.colcon_core.package_discovery:discover_packages(colcon_meta) check parameters
[0.232s] Level 1:colcon.colcon_core.package_discovery:discover_packages(recursive) check parameters
[0.232s] Level 1:colcon.colcon_core.package_discovery:discover_packages(ignore) check parameters
[0.232s] Level 1:colcon.colcon_core.package_discovery:discover_packages(path) check parameters
[0.232s] Level 1:colcon.colcon_core.package_discovery:discover_packages(colcon_meta) discover
[0.232s] Level 1:colcon.colcon_core.package_discovery:discover_packages(recursive) discover
[0.232s] INFO:colcon.colcon_core.package_discovery:Crawling recursively for packages in '/home/karol/Desktop/repos/ros2_tutorials/ros2_ws'
[0.232s] Level 1:colcon.colcon_core.package_identification:_identify(.) by extensions ['ignore', 'ignore_ament_install']
[0.232s] Level 1:colcon.colcon_core.package_identification:_identify(.) by extension 'ignore'
[0.232s] Level 1:colcon.colcon_core.package_identification:_identify(.) by extension 'ignore_ament_install'
[0.232s] Level 1:colcon.colcon_core.package_identification:_identify(.) by extensions ['colcon_pkg']
[0.232s] Level 1:colcon.colcon_core.package_identification:_identify(.) by extension 'colcon_pkg'
[0.232s] Level 1:colcon.colcon_core.package_identification:_identify(.) by extensions ['colcon_meta']
[0.232s] Level 1:colcon.colcon_core.package_identification:_identify(.) by extension 'colcon_meta'
[0.233s] Level 1:colcon.colcon_core.package_identification:_identify(.) by extensions ['ros']
[0.233s] Level 1:colcon.colcon_core.package_identification:_identify(.) by extension 'ros'
[0.247s] Level 1:colcon.colcon_core.package_identification:_identify(.) by extensions ['cmake', 'python']
[0.248s] Level 1:colcon.colcon_core.package_identification:_identify(.) by extension 'cmake'
[0.248s] Level 1:colcon.colcon_core.package_identification:_identify(.) by extension 'python'
[0.248s] Level 1:colcon.colcon_core.package_identification:_identify(.) by extensions ['python_setup_py']
[0.248s] Level 1:colcon.colcon_core.package_identification:_identify(.) by extension 'python_setup_py'
[0.248s] Level 1:colcon.colcon_core.package_identification:_identify(build) by extensions ['ignore', 'ignore_ament_install']
[0.248s] Level 1:colcon.colcon_core.package_identification:_identify(build) by extension 'ignore'
[0.248s] Level 1:colcon.colcon_core.package_identification:_identify(build) ignored
[0.248s] Level 1:colcon.colcon_core.package_identification:_identify(install) by extensions ['ignore', 'ignore_ament_install']
[0.248s] Level 1:colcon.colcon_core.package_identification:_identify(install) by extension 'ignore'
[0.248s] Level 1:colcon.colcon_core.package_identification:_identify(install) ignored
[0.248s] Level 1:colcon.colcon_core.package_identification:_identify(log) by extensions ['ignore', 'ignore_ament_install']
[0.248s] Level 1:colcon.colcon_core.package_identification:_identify(log) by extension 'ignore'
[0.248s] Level 1:colcon.colcon_core.package_identification:_identify(log) ignored
[0.248s] Level 1:colcon.colcon_core.package_identification:_identify(src) by extensions ['ignore', 'ignore_ament_install']
[0.248s] Level 1:colcon.colcon_core.package_identification:_identify(src) by extension 'ignore'
[0.248s] Level 1:colcon.colcon_core.package_identification:_identify(src) by extension 'ignore_ament_install'
[0.248s] Level 1:colcon.colcon_core.package_identification:_identify(src) by extensions ['colcon_pkg']
[0.248s] Level 1:colcon.colcon_core.package_identification:_identify(src) by extension 'colcon_pkg'
[0.248s] Level 1:colcon.colcon_core.package_identification:_identify(src) by extensions ['colcon_meta']
[0.248s] Level 1:colcon.colcon_core.package_identification:_identify(src) by extension 'colcon_meta'
[0.248s] Level 1:colcon.colcon_core.package_identification:_identify(src) by extensions ['ros']
[0.248s] Level 1:colcon.colcon_core.package_identification:_identify(src) by extension 'ros'
[0.248s] Level 1:colcon.colcon_core.package_identification:_identify(src) by extensions ['cmake', 'python']
[0.248s] Level 1:colcon.colcon_core.package_identification:_identify(src) by extension 'cmake'
[0.248s] Level 1:colcon.colcon_core.package_identification:_identify(src) by extension 'python'
[0.248s] Level 1:colcon.colcon_core.package_identification:_identify(src) by extensions ['python_setup_py']
[0.248s] Level 1:colcon.colcon_core.package_identification:_identify(src) by extension 'python_setup_py'
[0.249s] Level 1:colcon.colcon_core.package_identification:_identify(src/cpp_pubsub) by extensions ['ignore', 'ignore_ament_install']
[0.249s] Level 1:colcon.colcon_core.package_identification:_identify(src/cpp_pubsub) by extension 'ignore'
[0.249s] Level 1:colcon.colcon_core.package_identification:_identify(src/cpp_pubsub) by extension 'ignore_ament_install'
[0.249s] Level 1:colcon.colcon_core.package_identification:_identify(src/cpp_pubsub) by extensions ['colcon_pkg']
[0.249s] Level 1:colcon.colcon_core.package_identification:_identify(src/cpp_pubsub) by extension 'colcon_pkg'
[0.249s] Level 1:colcon.colcon_core.package_identification:_identify(src/cpp_pubsub) by extensions ['colcon_meta']
[0.249s] Level 1:colcon.colcon_core.package_identification:_identify(src/cpp_pubsub) by extension 'colcon_meta'
[0.249s] Level 1:colcon.colcon_core.package_identification:_identify(src/cpp_pubsub) by extensions ['ros']
[0.249s] Level 1:colcon.colcon_core.package_identification:_identify(src/cpp_pubsub) by extension 'ros'
[0.250s] DEBUG:colcon.colcon_core.package_identification:Package 'src/cpp_pubsub' with type 'ros.ament_cmake' and name 'cpp_pubsub'
[0.251s] Level 1:colcon.colcon_core.package_identification:_identify(src/my_package) by extensions ['ignore', 'ignore_ament_install']
[0.251s] Level 1:colcon.colcon_core.package_identification:_identify(src/my_package) by extension 'ignore'
[0.251s] Level 1:colcon.colcon_core.package_identification:_identify(src/my_package) by extension 'ignore_ament_install'
[0.251s] Level 1:colcon.colcon_core.package_identification:_identify(src/my_package) by extensions ['colcon_pkg']
[0.251s] Level 1:colcon.colcon_core.package_identification:_identify(src/my_package) by extension 'colcon_pkg'
[0.251s] Level 1:colcon.colcon_core.package_identification:_identify(src/my_package) by extensions ['colcon_meta']
[0.251s] Level 1:colcon.colcon_core.package_identification:_identify(src/my_package) by extension 'colcon_meta'
[0.251s] Level 1:colcon.colcon_core.package_identification:_identify(src/my_package) by extensions ['ros']
[0.251s] Level 1:colcon.colcon_core.package_identification:_identify(src/my_package) by extension 'ros'
[0.251s] DEBUG:colcon.colcon_core.package_identification:Package 'src/my_package' with type 'ros.ament_python' and name 'my_package'
[0.251s] Level 1:colcon.colcon_core.package_identification:_identify(src/ros_tutorials) by extensions ['ignore', 'ignore_ament_install']
[0.251s] Level 1:colcon.colcon_core.package_identification:_identify(src/ros_tutorials) by extension 'ignore'
[0.251s] Level 1:colcon.colcon_core.package_identification:_identify(src/ros_tutorials) by extension 'ignore_ament_install'
[0.251s] Level 1:colcon.colcon_core.package_identification:_identify(src/ros_tutorials) by extensions ['colcon_pkg']
[0.251s] Level 1:colcon.colcon_core.package_identification:_identify(src/ros_tutorials) by extension 'colcon_pkg'
[0.251s] Level 1:colcon.colcon_core.package_identification:_identify(src/ros_tutorials) by extensions ['colcon_meta']
[0.251s] Level 1:colcon.colcon_core.package_identification:_identify(src/ros_tutorials) by extension 'colcon_meta'
[0.251s] Level 1:colcon.colcon_core.package_identification:_identify(src/ros_tutorials) by extensions ['ros']
[0.251s] Level 1:colcon.colcon_core.package_identification:_identify(src/ros_tutorials) by extension 'ros'
[0.252s] Level 1:colcon.colcon_core.package_identification:_identify(src/ros_tutorials) by extensions ['cmake', 'python']
[0.252s] Level 1:colcon.colcon_core.package_identification:_identify(src/ros_tutorials) by extension 'cmake'
[0.252s] Level 1:colcon.colcon_core.package_identification:_identify(src/ros_tutorials) by extension 'python'
[0.252s] Level 1:colcon.colcon_core.package_identification:_identify(src/ros_tutorials) by extensions ['python_setup_py']
[0.252s] Level 1:colcon.colcon_core.package_identification:_identify(src/ros_tutorials) by extension 'python_setup_py'
[0.252s] Level 1:colcon.colcon_core.package_identification:_identify(src/ros_tutorials/ros_tutorials) by extensions ['ignore', 'ignore_ament_install']
[0.252s] Level 1:colcon.colcon_core.package_identification:_identify(src/ros_tutorials/ros_tutorials) by extension 'ignore'
[0.252s] Level 1:colcon.colcon_core.package_identification:_identify(src/ros_tutorials/ros_tutorials) ignored
[0.252s] Level 1:colcon.colcon_core.package_identification:_identify(src/ros_tutorials/roscpp_tutorials) by extensions ['ignore', 'ignore_ament_install']
[0.252s] Level 1:colcon.colcon_core.package_identification:_identify(src/ros_tutorials/roscpp_tutorials) by extension 'ignore'
[0.252s] Level 1:colcon.colcon_core.package_identification:_identify(src/ros_tutorials/roscpp_tutorials) ignored
[0.252s] Level 1:colcon.colcon_core.package_identification:_identify(src/ros_tutorials/rospy_tutorials) by extensions ['ignore', 'ignore_ament_install']
[0.252s] Level 1:colcon.colcon_core.package_identification:_identify(src/ros_tutorials/rospy_tutorials) by extension 'ignore'
[0.252s] Level 1:colcon.colcon_core.package_identification:_identify(src/ros_tutorials/rospy_tutorials) ignored
[0.252s] Level 1:colcon.colcon_core.package_identification:_identify(src/ros_tutorials/turtlesim) by extensions ['ignore', 'ignore_ament_install']
[0.252s] Level 1:colcon.colcon_core.package_identification:_identify(src/ros_tutorials/turtlesim) by extension 'ignore'
[0.252s] Level 1:colcon.colcon_core.package_identification:_identify(src/ros_tutorials/turtlesim) by extension 'ignore_ament_install'
[0.252s] Level 1:colcon.colcon_core.package_identification:_identify(src/ros_tutorials/turtlesim) by extensions ['colcon_pkg']
[0.252s] Level 1:colcon.colcon_core.package_identification:_identify(src/ros_tutorials/turtlesim) by extension 'colcon_pkg'
[0.252s] Level 1:colcon.colcon_core.package_identification:_identify(src/ros_tutorials/turtlesim) by extensions ['colcon_meta']
[0.252s] Level 1:colcon.colcon_core.package_identification:_identify(src/ros_tutorials/turtlesim) by extension 'colcon_meta'
[0.252s] Level 1:colcon.colcon_core.package_identification:_identify(src/ros_tutorials/turtlesim) by extensions ['ros']
[0.252s] Level 1:colcon.colcon_core.package_identification:_identify(src/ros_tutorials/turtlesim) by extension 'ros'
[0.253s] DEBUG:colcon.colcon_core.package_identification:Package 'src/ros_tutorials/turtlesim' with type 'ros.ament_cmake' and name 'turtlesim'
[0.253s] Level 1:colcon.colcon_core.package_discovery:discover_packages(recursive) using defaults
[0.253s] Level 1:colcon.colcon_core.package_discovery:discover_packages(ignore) discover
[0.253s] Level 1:colcon.colcon_core.package_discovery:discover_packages(ignore) using defaults
[0.253s] Level 1:colcon.colcon_core.package_discovery:discover_packages(path) discover
[0.253s] Level 1:colcon.colcon_core.package_discovery:discover_packages(path) using defaults
[0.267s] INFO:colcon.colcon_core.package_selection:Skipping not selected package 'my_package' in 'src/my_package'
[0.267s] INFO:colcon.colcon_core.package_selection:Skipping not selected package 'turtlesim' in 'src/ros_tutorials/turtlesim'
[0.268s] Level 1:colcon.colcon_core.package_discovery:discover_packages(prefix_path) check parameters
[0.268s] Level 1:colcon.colcon_core.package_discovery:discover_packages(prefix_path) discover
[0.269s] DEBUG:colcon.colcon_installed_package_information.package_discovery:Found 2 installed packages in /home/karol/Desktop/repos/ros2_tutorials/ros2_ws/install
[0.269s] DEBUG:colcon.colcon_installed_package_information.package_discovery:Found 271 installed packages in /opt/ros/humble
[0.270s] Level 1:colcon.colcon_core.package_discovery:discover_packages(prefix_path) using defaults
[0.294s] Level 5:colcon.colcon_core.verb:set package 'cpp_pubsub' build argument 'cmake_args' from command line to 'None'
[0.294s] Level 5:colcon.colcon_core.verb:set package 'cpp_pubsub' build argument 'cmake_target' from command line to 'None'
[0.294s] Level 5:colcon.colcon_core.verb:set package 'cpp_pubsub' build argument 'cmake_target_skip_unavailable' from command line to 'False'
[0.294s] Level 5:colcon.colcon_core.verb:set package 'cpp_pubsub' build argument 'cmake_clean_cache' from command line to 'False'
[0.294s] Level 5:colcon.colcon_core.verb:set package 'cpp_pubsub' build argument 'cmake_clean_first' from command line to 'False'
[0.294s] Level 5:colcon.colcon_core.verb:set package 'cpp_pubsub' build argument 'cmake_force_configure' from command line to 'False'
[0.294s] Level 5:colcon.colcon_core.verb:set package 'cpp_pubsub' build argument 'ament_cmake_args' from command line to 'None'
[0.294s] Level 5:colcon.colcon_core.verb:set package 'cpp_pubsub' build argument 'catkin_cmake_args' from command line to 'None'
[0.294s] Level 5:colcon.colcon_core.verb:set package 'cpp_pubsub' build argument 'catkin_skip_building_tests' from command line to 'False'
[0.294s] DEBUG:colcon.colcon_core.verb:Building package 'cpp_pubsub' with the following arguments: {'ament_cmake_args': None, 'build_base': '/home/karol/Desktop/repos/ros2_tutorials/ros2_ws/build/cpp_pubsub', 'catkin_cmake_args': None, 'catkin_skip_building_tests': False, 'cmake_args': None, 'cmake_clean_cache': False, 'cmake_clean_first': False, 'cmake_force_configure': False, 'cmake_target': None, 'cmake_target_skip_unavailable': False, 'install_base': '/home/karol/Desktop/repos/ros2_tutorials/ros2_ws/install/cpp_pubsub', 'merge_install': False, 'path': '/home/karol/Desktop/repos/ros2_tutorials/ros2_ws/src/cpp_pubsub', 'symlink_install': False, 'test_result_base': None}
[0.294s] INFO:colcon.colcon_core.executor:Executing jobs using 'parallel' executor
[0.295s] DEBUG:colcon.colcon_parallel_executor.executor.parallel:run_until_complete
[0.295s] INFO:colcon.colcon_ros.task.ament_cmake.build:Building ROS package in '/home/karol/Desktop/repos/ros2_tutorials/ros2_ws/src/cpp_pubsub' with build type 'ament_cmake'
[0.296s] INFO:colcon.colcon_cmake.task.cmake.build:Building CMake package in '/home/karol/Desktop/repos/ros2_tutorials/ros2_ws/src/cpp_pubsub'
[0.297s] INFO:colcon.colcon_core.plugin_system:Skipping extension 'colcon_core.shell.bat': Not used on non-Windows systems
[0.297s] INFO:colcon.colcon_core.shell:Skip shell extension 'powershell' for command environment: Not usable outside of PowerShell
[0.297s] DEBUG:colcon.colcon_core.shell:Skip shell extension 'dsv' for command environment
[0.303s] DEBUG:colcon.colcon_core.event_handler.log_command:Invoking command in '/home/karol/Desktop/repos/ros2_tutorials/ros2_ws/build/cpp_pubsub': CMAKE_PREFIX_PATH=${CMAKE_PREFIX_PATH}:/home/karol/Desktop/repos/ros2_tutorials/ros2_ws/install/my_package:/opt/ros/humble /usr/bin/cmake /home/karol/Desktop/repos/ros2_tutorials/ros2_ws/src/cpp_pubsub -DCMAKE_INSTALL_PREFIX=/home/karol/Desktop/repos/ros2_tutorials/ros2_ws/install/cpp_pubsub
[1.131s] DEBUG:colcon.colcon_core.event_handler.log_command:Invoked command in '/home/karol/Desktop/repos/ros2_tutorials/ros2_ws/build/cpp_pubsub' returned '0': CMAKE_PREFIX_PATH=${CMAKE_PREFIX_PATH}:/home/karol/Desktop/repos/ros2_tutorials/ros2_ws/install/my_package:/opt/ros/humble /usr/bin/cmake /home/karol/Desktop/repos/ros2_tutorials/ros2_ws/src/cpp_pubsub -DCMAKE_INSTALL_PREFIX=/home/karol/Desktop/repos/ros2_tutorials/ros2_ws/install/cpp_pubsub
[1.132s] DEBUG:colcon.colcon_core.event_handler.log_command:Invoking command in '/home/karol/Desktop/repos/ros2_tutorials/ros2_ws/build/cpp_pubsub': CMAKE_PREFIX_PATH=${CMAKE_PREFIX_PATH}:/home/karol/Desktop/repos/ros2_tutorials/ros2_ws/install/my_package:/opt/ros/humble /usr/bin/cmake --build /home/karol/Desktop/repos/ros2_tutorials/ros2_ws/build/cpp_pubsub -- -j8 -l8
[7.692s] DEBUG:colcon.colcon_core.event_handler.log_command:Invoked command in '/home/karol/Desktop/repos/ros2_tutorials/ros2_ws/build/cpp_pubsub' returned '0': CMAKE_PREFIX_PATH=${CMAKE_PREFIX_PATH}:/home/karol/Desktop/repos/ros2_tutorials/ros2_ws/install/my_package:/opt/ros/humble /usr/bin/cmake --build /home/karol/Desktop/repos/ros2_tutorials/ros2_ws/build/cpp_pubsub -- -j8 -l8
[7.700s] DEBUG:colcon.colcon_core.event_handler.log_command:Invoking command in '/home/karol/Desktop/repos/ros2_tutorials/ros2_ws/build/cpp_pubsub': CMAKE_PREFIX_PATH=${CMAKE_PREFIX_PATH}:/home/karol/Desktop/repos/ros2_tutorials/ros2_ws/install/my_package:/opt/ros/humble /usr/bin/cmake --install /home/karol/Desktop/repos/ros2_tutorials/ros2_ws/build/cpp_pubsub
[7.709s] Level 1:colcon.colcon_core.environment:create_environment_scripts_only(cpp_pubsub)
[7.710s] DEBUG:colcon.colcon_core.event_handler.log_command:Invoked command in '/home/karol/Desktop/repos/ros2_tutorials/ros2_ws/build/cpp_pubsub' returned '0': CMAKE_PREFIX_PATH=${CMAKE_PREFIX_PATH}:/home/karol/Desktop/repos/ros2_tutorials/ros2_ws/install/my_package:/opt/ros/humble /usr/bin/cmake --install /home/karol/Desktop/repos/ros2_tutorials/ros2_ws/build/cpp_pubsub
[7.711s] Level 1:colcon.colcon_core.environment:checking '/home/karol/Desktop/repos/ros2_tutorials/ros2_ws/install/cpp_pubsub' for CMake module files
[7.711s] Level 1:colcon.colcon_core.environment:checking '/home/karol/Desktop/repos/ros2_tutorials/ros2_ws/install/cpp_pubsub' for CMake config files
[7.712s] Level 1:colcon.colcon_core.shell:create_environment_hook('cpp_pubsub', 'cmake_prefix_path')
[7.712s] INFO:colcon.colcon_core.shell:Creating environment hook '/home/karol/Desktop/repos/ros2_tutorials/ros2_ws/install/cpp_pubsub/share/cpp_pubsub/hook/cmake_prefix_path.ps1'
[7.712s] INFO:colcon.colcon_core.shell:Creating environment descriptor '/home/karol/Desktop/repos/ros2_tutorials/ros2_ws/install/cpp_pubsub/share/cpp_pubsub/hook/cmake_prefix_path.dsv'
[7.712s] INFO:colcon.colcon_core.shell:Creating environment hook '/home/karol/Desktop/repos/ros2_tutorials/ros2_ws/install/cpp_pubsub/share/cpp_pubsub/hook/cmake_prefix_path.sh'
[7.713s] Level 1:colcon.colcon_core.environment:checking '/home/karol/Desktop/repos/ros2_tutorials/ros2_ws/install/cpp_pubsub/lib'
[7.713s] Level 1:colcon.colcon_core.environment:checking '/home/karol/Desktop/repos/ros2_tutorials/ros2_ws/install/cpp_pubsub/bin'
[7.713s] Level 1:colcon.colcon_core.environment:checking '/home/karol/Desktop/repos/ros2_tutorials/ros2_ws/install/cpp_pubsub/lib/pkgconfig/cpp_pubsub.pc'
[7.713s] Level 1:colcon.colcon_core.environment:checking '/home/karol/Desktop/repos/ros2_tutorials/ros2_ws/install/cpp_pubsub/lib/python3.10/site-packages'
[7.713s] Level 1:colcon.colcon_core.environment:checking '/home/karol/Desktop/repos/ros2_tutorials/ros2_ws/install/cpp_pubsub/bin'
[7.714s] INFO:colcon.colcon_core.shell:Creating package script '/home/karol/Desktop/repos/ros2_tutorials/ros2_ws/install/cpp_pubsub/share/cpp_pubsub/package.ps1'
[7.714s] INFO:colcon.colcon_core.shell:Creating package descriptor '/home/karol/Desktop/repos/ros2_tutorials/ros2_ws/install/cpp_pubsub/share/cpp_pubsub/package.dsv'
[7.715s] INFO:colcon.colcon_core.shell:Creating package script '/home/karol/Desktop/repos/ros2_tutorials/ros2_ws/install/cpp_pubsub/share/cpp_pubsub/package.sh'
[7.715s] INFO:colcon.colcon_core.shell:Creating package script '/home/karol/Desktop/repos/ros2_tutorials/ros2_ws/install/cpp_pubsub/share/cpp_pubsub/package.bash'
[7.716s] INFO:colcon.colcon_core.shell:Creating package script '/home/karol/Desktop/repos/ros2_tutorials/ros2_ws/install/cpp_pubsub/share/cpp_pubsub/package.zsh'
[7.716s] Level 1:colcon.colcon_core.environment:create_file_with_runtime_dependencies(/home/karol/Desktop/repos/ros2_tutorials/ros2_ws/install/cpp_pubsub/share/colcon-core/packages/cpp_pubsub)
[7.717s] Level 1:colcon.colcon_core.environment:create_environment_scripts_only(cpp_pubsub)
[7.717s] Level 1:colcon.colcon_core.environment:checking '/home/karol/Desktop/repos/ros2_tutorials/ros2_ws/install/cpp_pubsub' for CMake module files
[7.717s] Level 1:colcon.colcon_core.environment:checking '/home/karol/Desktop/repos/ros2_tutorials/ros2_ws/install/cpp_pubsub' for CMake config files
[7.717s] Level 1:colcon.colcon_core.shell:create_environment_hook('cpp_pubsub', 'cmake_prefix_path')
[7.717s] INFO:colcon.colcon_core.shell:Creating environment hook '/home/karol/Desktop/repos/ros2_tutorials/ros2_ws/install/cpp_pubsub/share/cpp_pubsub/hook/cmake_prefix_path.ps1'
[7.717s] INFO:colcon.colcon_core.shell:Creating environment descriptor '/home/karol/Desktop/repos/ros2_tutorials/ros2_ws/install/cpp_pubsub/share/cpp_pubsub/hook/cmake_prefix_path.dsv'
[7.718s] INFO:colcon.colcon_core.shell:Creating environment hook '/home/karol/Desktop/repos/ros2_tutorials/ros2_ws/install/cpp_pubsub/share/cpp_pubsub/hook/cmake_prefix_path.sh'
[7.718s] Level 1:colcon.colcon_core.environment:checking '/home/karol/Desktop/repos/ros2_tutorials/ros2_ws/install/cpp_pubsub/lib'
[7.718s] Level 1:colcon.colcon_core.environment:checking '/home/karol/Desktop/repos/ros2_tutorials/ros2_ws/install/cpp_pubsub/bin'
[7.718s] Level 1:colcon.colcon_core.environment:checking '/home/karol/Desktop/repos/ros2_tutorials/ros2_ws/install/cpp_pubsub/lib/pkgconfig/cpp_pubsub.pc'
[7.718s] Level 1:colcon.colcon_core.environment:checking '/home/karol/Desktop/repos/ros2_tutorials/ros2_ws/install/cpp_pubsub/lib/python3.10/site-packages'
[7.718s] Level 1:colcon.colcon_core.environment:checking '/home/karol/Desktop/repos/ros2_tutorials/ros2_ws/install/cpp_pubsub/bin'
[7.719s] INFO:colcon.colcon_core.shell:Creating package script '/home/karol/Desktop/repos/ros2_tutorials/ros2_ws/install/cpp_pubsub/share/cpp_pubsub/package.ps1'
[7.719s] INFO:colcon.colcon_core.shell:Creating package descriptor '/home/karol/Desktop/repos/ros2_tutorials/ros2_ws/install/cpp_pubsub/share/cpp_pubsub/package.dsv'
[7.719s] INFO:colcon.colcon_core.shell:Creating package script '/home/karol/Desktop/repos/ros2_tutorials/ros2_ws/install/cpp_pubsub/share/cpp_pubsub/package.sh'
[7.719s] INFO:colcon.colcon_core.shell:Creating package script '/home/karol/Desktop/repos/ros2_tutorials/ros2_ws/install/cpp_pubsub/share/cpp_pubsub/package.bash'
[7.720s] INFO:colcon.colcon_core.shell:Creating package script '/home/karol/Desktop/repos/ros2_tutorials/ros2_ws/install/cpp_pubsub/share/cpp_pubsub/package.zsh'
[7.720s] Level 1:colcon.colcon_core.environment:create_file_with_runtime_dependencies(/home/karol/Desktop/repos/ros2_tutorials/ros2_ws/install/cpp_pubsub/share/colcon-core/packages/cpp_pubsub)
[7.720s] DEBUG:colcon.colcon_parallel_executor.executor.parallel:closing loop
[7.720s] DEBUG:colcon.colcon_parallel_executor.executor.parallel:loop closed
[7.720s] DEBUG:colcon.colcon_parallel_executor.executor.parallel:run_until_complete finished with '0'
[7.721s] DEBUG:colcon.colcon_core.event_reactor:joining thread
[7.724s] INFO:colcon.colcon_core.plugin_system:Skipping extension 'colcon_notification.desktop_notification.terminal_notifier': Not used on non-Darwin systems
[7.724s] INFO:colcon.colcon_core.plugin_system:Skipping extension 'colcon_notification.desktop_notification.win32': Not used on non-Windows systems
[7.724s] INFO:colcon.colcon_notification.desktop_notification:Sending desktop notification using 'notify2'
[7.734s] DEBUG:colcon.colcon_core.event_reactor:joined thread
[7.734s] INFO:colcon.colcon_core.shell:Creating prefix script '/home/karol/Desktop/repos/ros2_tutorials/ros2_ws/install/local_setup.ps1'
[7.735s] INFO:colcon.colcon_core.shell:Creating prefix util module '/home/karol/Desktop/repos/ros2_tutorials/ros2_ws/install/_local_setup_util_ps1.py'
[7.736s] INFO:colcon.colcon_core.shell:Creating prefix chain script '/home/karol/Desktop/repos/ros2_tutorials/ros2_ws/install/setup.ps1'
[7.737s] INFO:colcon.colcon_core.shell:Creating prefix script '/home/karol/Desktop/repos/ros2_tutorials/ros2_ws/install/local_setup.sh'
[7.738s] INFO:colcon.colcon_core.shell:Creating prefix util module '/home/karol/Desktop/repos/ros2_tutorials/ros2_ws/install/_local_setup_util_sh.py'
[7.738s] INFO:colcon.colcon_core.shell:Creating prefix chain script '/home/karol/Desktop/repos/ros2_tutorials/ros2_ws/install/setup.sh'
[7.739s] INFO:colcon.colcon_core.shell:Creating prefix script '/home/karol/Desktop/repos/ros2_tutorials/ros2_ws/install/local_setup.bash'
[7.739s] INFO:colcon.colcon_core.shell:Creating prefix chain script '/home/karol/Desktop/repos/ros2_tutorials/ros2_ws/install/setup.bash'
[7.740s] INFO:colcon.colcon_core.shell:Creating prefix script '/home/karol/Desktop/repos/ros2_tutorials/ros2_ws/install/local_setup.zsh'
[7.740s] INFO:colcon.colcon_core.shell:Creating prefix chain script '/home/karol/Desktop/repos/ros2_tutorials/ros2_ws/install/setup.zsh'
