[0.419s] Invoking command in '/home/karol/Desktop/repos/ROS_Tutorials/ros2_ws/src/my_py_pkg': PYTHONPATH=/home/karol/Desktop/repos/ROS_Tutorials/ros2_ws/src/build/my_py_pkg/prefix_override:/usr/lib/python3/dist-packages/colcon_core/task/python/colcon_distutils_commands:/home/karol/Desktop/repos/ROS_Tutorials/ros2_ws/src/install/my_py_pkg/lib/python3.10/site-packages:${PYTHONPATH} /usr/bin/python3 -W ignore:setup.py install is deprecated -W ignore:easy_install command is deprecated setup.py egg_info --egg-base ../build/my_py_pkg build --build-base /home/karol/Desktop/repos/ROS_Tutorials/ros2_ws/src/build/my_py_pkg/build install --record /home/karol/Desktop/repos/ROS_Tutorials/ros2_ws/src/build/my_py_pkg/install.log --single-version-externally-managed install_data
[0.590s] running egg_info
[0.590s] creating ../build/my_py_pkg/my_py_pkg.egg-info
[0.590s] writing ../build/my_py_pkg/my_py_pkg.egg-info/PKG-INFO
[0.590s] writing dependency_links to ../build/my_py_pkg/my_py_pkg.egg-info/dependency_links.txt
[0.590s] writing entry points to ../build/my_py_pkg/my_py_pkg.egg-info/entry_points.txt
[0.590s] writing requirements to ../build/my_py_pkg/my_py_pkg.egg-info/requires.txt
[0.591s] writing top-level names to ../build/my_py_pkg/my_py_pkg.egg-info/top_level.txt
[0.591s] writing manifest file '../build/my_py_pkg/my_py_pkg.egg-info/SOURCES.txt'
[0.592s] reading manifest file '../build/my_py_pkg/my_py_pkg.egg-info/SOURCES.txt'
[0.592s] writing manifest file '../build/my_py_pkg/my_py_pkg.egg-info/SOURCES.txt'
[0.592s] running build
[0.592s] running build_py
[0.592s] creating /home/karol/Desktop/repos/ROS_Tutorials/ros2_ws/src/build/my_py_pkg/build
[0.592s] creating /home/karol/Desktop/repos/ROS_Tutorials/ros2_ws/src/build/my_py_pkg/build/lib
[0.593s] creating /home/karol/Desktop/repos/ROS_Tutorials/ros2_ws/src/build/my_py_pkg/build/lib/my_py_pkg
[0.593s] copying my_py_pkg/__init__.py -> /home/karol/Desktop/repos/ROS_Tutorials/ros2_ws/src/build/my_py_pkg/build/lib/my_py_pkg
[0.593s] copying my_py_pkg/my_first_node.py -> /home/karol/Desktop/repos/ROS_Tutorials/ros2_ws/src/build/my_py_pkg/build/lib/my_py_pkg
[0.593s] running install
[0.593s] running install_lib
[0.593s] creating /home/karol/Desktop/repos/ROS_Tutorials/ros2_ws/src/install/my_py_pkg/lib/python3.10/site-packages/my_py_pkg
[0.593s] copying /home/karol/Desktop/repos/ROS_Tutorials/ros2_ws/src/build/my_py_pkg/build/lib/my_py_pkg/__init__.py -> /home/karol/Desktop/repos/ROS_Tutorials/ros2_ws/src/install/my_py_pkg/lib/python3.10/site-packages/my_py_pkg
[0.593s] copying /home/karol/Desktop/repos/ROS_Tutorials/ros2_ws/src/build/my_py_pkg/build/lib/my_py_pkg/my_first_node.py -> /home/karol/Desktop/repos/ROS_Tutorials/ros2_ws/src/install/my_py_pkg/lib/python3.10/site-packages/my_py_pkg
[0.594s] byte-compiling /home/karol/Desktop/repos/ROS_Tutorials/ros2_ws/src/install/my_py_pkg/lib/python3.10/site-packages/my_py_pkg/__init__.py to __init__.cpython-310.pyc
[0.594s] byte-compiling /home/karol/Desktop/repos/ROS_Tutorials/ros2_ws/src/install/my_py_pkg/lib/python3.10/site-packages/my_py_pkg/my_first_node.py to my_first_node.cpython-310.pyc
[0.594s] running install_data
[0.594s] creating /home/karol/Desktop/repos/ROS_Tutorials/ros2_ws/src/install/my_py_pkg/share/ament_index
[0.594s] creating /home/karol/Desktop/repos/ROS_Tutorials/ros2_ws/src/install/my_py_pkg/share/ament_index/resource_index
[0.594s] creating /home/karol/Desktop/repos/ROS_Tutorials/ros2_ws/src/install/my_py_pkg/share/ament_index/resource_index/packages
[0.594s] copying resource/my_py_pkg -> /home/karol/Desktop/repos/ROS_Tutorials/ros2_ws/src/install/my_py_pkg/share/ament_index/resource_index/packages
[0.595s] copying package.xml -> /home/karol/Desktop/repos/ROS_Tutorials/ros2_ws/src/install/my_py_pkg/share/my_py_pkg
[0.595s] running install_egg_info
[0.596s] Copying ../build/my_py_pkg/my_py_pkg.egg-info to /home/karol/Desktop/repos/ROS_Tutorials/ros2_ws/src/install/my_py_pkg/lib/python3.10/site-packages/my_py_pkg-0.0.0-py3.10.egg-info
[0.596s] running install_scripts
[0.611s] Installing py_node script to /home/karol/Desktop/repos/ROS_Tutorials/ros2_ws/src/install/my_py_pkg/lib/my_py_pkg
[0.611s] writing list of installed files to '/home/karol/Desktop/repos/ROS_Tutorials/ros2_ws/src/build/my_py_pkg/install.log'
[0.625s] Invoked command in '/home/karol/Desktop/repos/ROS_Tutorials/ros2_ws/src/my_py_pkg' returned '0': PYTHONPATH=/home/karol/Desktop/repos/ROS_Tutorials/ros2_ws/src/build/my_py_pkg/prefix_override:/usr/lib/python3/dist-packages/colcon_core/task/python/colcon_distutils_commands:/home/karol/Desktop/repos/ROS_Tutorials/ros2_ws/src/install/my_py_pkg/lib/python3.10/site-packages:${PYTHONPATH} /usr/bin/python3 -W ignore:setup.py install is deprecated -W ignore:easy_install command is deprecated setup.py egg_info --egg-base ../build/my_py_pkg build --build-base /home/karol/Desktop/repos/ROS_Tutorials/ros2_ws/src/build/my_py_pkg/build install --record /home/karol/Desktop/repos/ROS_Tutorials/ros2_ws/src/build/my_py_pkg/install.log --single-version-externally-managed install_data
