[0.007s] Invoking command in '/home/karol/Desktop/repos/ros2_tutorials/ros2_ws/build/turtlesim': CMAKE_PREFIX_PATH=/opt/ros/humble VIRTUAL_ENV_PROMPT=(tutorial_env) /usr/bin/cmake /home/karol/Desktop/repos/ros2_tutorials/ros2_ws/src/ros_tutorials/turtlesim -DAMENT_CMAKE_SYMLINK_INSTALL=1 -DCMAKE_INSTALL_PREFIX=/home/karol/Desktop/repos/ros2_tutorials/ros2_ws/install/turtlesim
[0.047s] -- The C compiler identification is GNU 11.4.0
[0.089s] -- The CXX compiler identification is GNU 11.4.0
[0.094s] -- Detecting C compiler ABI info
[0.152s] -- Detecting C compiler ABI info - done
[0.157s] -- Check for working C compiler: /usr/bin/cc - skipped
[0.158s] -- Detecting C compile features
[0.158s] -- Detecting C compile features - done
[0.161s] -- Detecting CXX compiler ABI info
[0.223s] -- Detecting CXX compiler ABI info - done
[0.232s] -- Check for working CXX compiler: /usr/bin/c++ - skipped
[0.233s] -- Detecting CXX compile features
[0.233s] -- Detecting CXX compile features - done
[0.236s] -- Found ament_cmake: 1.3.11 (/opt/ros/humble/share/ament_cmake/cmake)
[0.354s] -- Found Python3: /usr/bin/python3 (found version "3.10.12") found components: Interpreter 
[0.400s] -- Override CMake install command with custom implementation using symlinks instead of copying resources
[0.416s] -- Found ament_index_cpp: 1.4.0 (/opt/ros/humble/share/ament_index_cpp/cmake)
[0.417s] -- Found geometry_msgs: 4.2.4 (/opt/ros/humble/share/geometry_msgs/cmake)
[0.439s] -- Found rosidl_generator_c: 3.1.6 (/opt/ros/humble/share/rosidl_generator_c/cmake)
[0.443s] -- Found rosidl_adapter: 3.1.6 (/opt/ros/humble/share/rosidl_adapter/cmake)
[0.448s] -- Found rosidl_generator_cpp: 3.1.6 (/opt/ros/humble/share/rosidl_generator_cpp/cmake)
[0.455s] -- Using all available rosidl_typesupport_c: rosidl_typesupport_fastrtps_c;rosidl_typesupport_introspection_c
[0.465s] -- Using all available rosidl_typesupport_cpp: rosidl_typesupport_fastrtps_cpp;rosidl_typesupport_introspection_cpp
[0.496s] -- Found rclcpp: 16.0.11 (/opt/ros/humble/share/rclcpp/cmake)
[0.518s] -- Found rmw_implementation_cmake: 6.1.2 (/opt/ros/humble/share/rmw_implementation_cmake/cmake)
[0.519s] -- Found rmw_fastrtps_cpp: 6.2.7 (/opt/ros/humble/share/rmw_fastrtps_cpp/cmake)
[0.575s] -- Found OpenSSL: /usr/lib/x86_64-linux-gnu/libcrypto.so (found version "3.0.2")  
[0.593s] -- Found FastRTPS: /opt/ros/humble/include  
[0.621s] -- Using RMW implementation 'rmw_fastrtps_cpp' as default
[0.627s] -- Looking for pthread.h
[0.682s] -- Looking for pthread.h - found
[0.682s] -- Performing Test CMAKE_HAVE_LIBC_PTHREAD
[0.738s] -- Performing Test CMAKE_HAVE_LIBC_PTHREAD - Success
[0.739s] -- Found Threads: TRUE  
[0.766s] -- Found rclcpp_action: 16.0.11 (/opt/ros/humble/share/rclcpp_action/cmake)
[0.786s] -- Found rosidl_default_generators: 1.2.0 (/opt/ros/humble/share/rosidl_default_generators/cmake)
[0.792s] -- Found std_srvs: 4.2.4 (/opt/ros/humble/share/std_srvs/cmake)
[1.036s] -- Found ament_cmake_ros: 0.10.0 (/opt/ros/humble/share/ament_cmake_ros/cmake)
[1.263s] -- Using all available rosidl_typesupport_c: rosidl_typesupport_fastrtps_c;rosidl_typesupport_introspection_c
[1.352s] -- Using all available rosidl_typesupport_cpp: rosidl_typesupport_fastrtps_cpp;rosidl_typesupport_introspection_cpp
[1.368s] -- Found PythonInterp: /usr/bin/python3 (found suitable version "3.10.12", minimum required is "3.6") 
[1.369s] -- Found python_cmake_module: 0.10.0 (/opt/ros/humble/share/python_cmake_module/cmake)
[1.386s] -- Found PythonLibs: /usr/lib/x86_64-linux-gnu/libpython3.10.so (found suitable version "3.10.12", minimum required is "3.5") 
[1.387s] -- Using PYTHON_EXECUTABLE: /usr/bin/python3
[1.387s] -- Using PYTHON_INCLUDE_DIRS: /usr/include/python3.10
[1.387s] -- Using PYTHON_LIBRARIES: /usr/lib/x86_64-linux-gnu/libpython3.10.so
[1.401s] -- Found PythonExtra: .so  
[1.447s] -- Configuring done
[1.488s] -- Generating done
[1.501s] -- Build files have been written to: /home/karol/Desktop/repos/ros2_tutorials/ros2_ws/build/turtlesim
[1.511s] Invoked command in '/home/karol/Desktop/repos/ros2_tutorials/ros2_ws/build/turtlesim' returned '0': CMAKE_PREFIX_PATH=/opt/ros/humble VIRTUAL_ENV_PROMPT=(tutorial_env) /usr/bin/cmake /home/karol/Desktop/repos/ros2_tutorials/ros2_ws/src/ros_tutorials/turtlesim -DAMENT_CMAKE_SYMLINK_INSTALL=1 -DCMAKE_INSTALL_PREFIX=/home/karol/Desktop/repos/ros2_tutorials/ros2_ws/install/turtlesim
[1.513s] Invoking command in '/home/karol/Desktop/repos/ros2_tutorials/ros2_ws/build/turtlesim': CMAKE_PREFIX_PATH=/opt/ros/humble VIRTUAL_ENV_PROMPT=(tutorial_env) /usr/bin/cmake --build /home/karol/Desktop/repos/ros2_tutorials/ros2_ws/build/turtlesim -- -j8 -l8
[1.545s] [  1%] [34m[1mGenerating C code for ROS interfaces[0m
[1.552s] [  2%] [34m[1mGenerating C++ code for ROS interfaces[0m
[1.558s] [  2%] Built target ament_cmake_python_symlink_turtlesim
[1.756s] running egg_info
[1.756s] creating turtlesim.egg-info
[1.756s] writing turtlesim.egg-info/PKG-INFO
[1.756s] writing dependency_links to turtlesim.egg-info/dependency_links.txt
[1.757s] writing top-level names to turtlesim.egg-info/top_level.txt
[1.757s] writing manifest file 'turtlesim.egg-info/SOURCES.txt'
[1.758s] reading manifest file 'turtlesim.egg-info/SOURCES.txt'
[1.758s] writing manifest file 'turtlesim.egg-info/SOURCES.txt'
[1.779s] [  2%] Built target ament_cmake_python_build_turtlesim_egg
[2.321s] [  3%] [32mBuilding C object CMakeFiles/turtlesim__rosidl_generator_c.dir/rosidl_generator_c/turtlesim/action/detail/rotate_absolute__functions.c.o[0m
[2.326s] [  5%] [32mBuilding C object CMakeFiles/turtlesim__rosidl_generator_c.dir/rosidl_generator_c/turtlesim/msg/detail/color__functions.c.o[0m
[2.326s] [  5%] [32mBuilding C object CMakeFiles/turtlesim__rosidl_generator_c.dir/rosidl_generator_c/turtlesim/msg/detail/pose__functions.c.o[0m
[2.326s] [  6%] [32mBuilding C object CMakeFiles/turtlesim__rosidl_generator_c.dir/rosidl_generator_c/turtlesim/srv/detail/kill__functions.c.o[0m
[2.330s] [  7%] [32mBuilding C object CMakeFiles/turtlesim__rosidl_generator_c.dir/rosidl_generator_c/turtlesim/srv/detail/set_pen__functions.c.o[0m
[2.336s] [  8%] [32mBuilding C object CMakeFiles/turtlesim__rosidl_generator_c.dir/rosidl_generator_c/turtlesim/srv/detail/spawn__functions.c.o[0m
[2.347s] [  9%] [32mBuilding C object CMakeFiles/turtlesim__rosidl_generator_c.dir/rosidl_generator_c/turtlesim/srv/detail/teleport_absolute__functions.c.o[0m
[2.384s] [ 10%] [32mBuilding C object CMakeFiles/turtlesim__rosidl_generator_c.dir/rosidl_generator_c/turtlesim/srv/detail/teleport_relative__functions.c.o[0m
[2.412s] [ 10%] Built target turtlesim__cpp
[2.421s] [ 12%] [34m[1mGenerating C++ introspection for ROS interfaces[0m
[2.422s] [ 12%] [34m[1mGenerating C++ type support for eProsima Fast-RTPS[0m
[2.426s] [ 13%] [34m[1mGenerating C++ type support dispatch for ROS interfaces[0m
[2.451s] [ 14%] [32m[1mLinking C shared library libturtlesim__rosidl_generator_c.so[0m
[2.480s] [ 14%] Built target turtlesim__rosidl_generator_c
[2.488s] [ 15%] [34m[1mGenerating C introspection for ROS interfaces[0m
[2.490s] [ 17%] [34m[1mGenerating C type support dispatch for ROS interfaces[0m
[2.490s] [ 17%] [34m[1mGenerating C type support for eProsima Fast-RTPS[0m
[2.857s] [ 19%] [32mBuilding CXX object CMakeFiles/turtlesim__rosidl_typesupport_cpp.dir/rosidl_typesupport_cpp/turtlesim/action/rotate_absolute__type_support.cpp.o[0m
[2.857s] [ 20%] [32mBuilding CXX object CMakeFiles/turtlesim__rosidl_typesupport_cpp.dir/rosidl_typesupport_cpp/turtlesim/msg/pose__type_support.cpp.o[0m
[2.857s] [ 19%] [32mBuilding CXX object CMakeFiles/turtlesim__rosidl_typesupport_cpp.dir/rosidl_typesupport_cpp/turtlesim/msg/color__type_support.cpp.o[0m
[3.214s] [ 21%] [32mBuilding CXX object CMakeFiles/turtlesim__rosidl_typesupport_cpp.dir/rosidl_typesupport_cpp/turtlesim/srv/kill__type_support.cpp.o[0m
[3.236s] [ 22%] [32mBuilding CXX object CMakeFiles/turtlesim__rosidl_typesupport_cpp.dir/rosidl_typesupport_cpp/turtlesim/srv/set_pen__type_support.cpp.o[0m
[3.292s] [ 23%] [32mBuilding CXX object CMakeFiles/turtlesim__rosidl_typesupport_c.dir/rosidl_typesupport_c/turtlesim/action/rotate_absolute__type_support.cpp.o[0m
[3.353s] [ 24%] [32mBuilding CXX object CMakeFiles/turtlesim__rosidl_typesupport_c.dir/rosidl_typesupport_c/turtlesim/msg/color__type_support.cpp.o[0m
[3.390s] [ 25%] [32mBuilding CXX object CMakeFiles/turtlesim__rosidl_typesupport_c.dir/rosidl_typesupport_c/turtlesim/msg/pose__type_support.cpp.o[0m
[3.398s] [ 26%] [32mBuilding C object CMakeFiles/turtlesim__rosidl_typesupport_introspection_c.dir/rosidl_typesupport_introspection_c/turtlesim/action/detail/rotate_absolute__type_support.c.o[0m
[3.424s] [ 27%] [32mBuilding CXX object CMakeFiles/turtlesim__rosidl_typesupport_c.dir/rosidl_typesupport_c/turtlesim/srv/kill__type_support.cpp.o[0m
[3.452s] [ 28%] [32mBuilding C object CMakeFiles/turtlesim__rosidl_typesupport_introspection_c.dir/rosidl_typesupport_introspection_c/turtlesim/msg/detail/color__type_support.c.o[0m
[3.462s] [ 29%] [32mBuilding CXX object CMakeFiles/turtlesim__rosidl_typesupport_c.dir/rosidl_typesupport_c/turtlesim/srv/set_pen__type_support.cpp.o[0m
[3.491s] [ 30%] [32mBuilding C object CMakeFiles/turtlesim__rosidl_typesupport_introspection_c.dir/rosidl_typesupport_introspection_c/turtlesim/msg/detail/pose__type_support.c.o[0m
[3.498s] [ 31%] [32mBuilding CXX object CMakeFiles/turtlesim__rosidl_typesupport_c.dir/rosidl_typesupport_c/turtlesim/srv/spawn__type_support.cpp.o[0m
[3.516s] [ 32%] [32mBuilding CXX object CMakeFiles/turtlesim__rosidl_typesupport_cpp.dir/rosidl_typesupport_cpp/turtlesim/srv/spawn__type_support.cpp.o[0m
[3.526s] [ 33%] [32mBuilding C object CMakeFiles/turtlesim__rosidl_typesupport_introspection_c.dir/rosidl_typesupport_introspection_c/turtlesim/srv/detail/kill__type_support.c.o[0m
[3.533s] [ 34%] [32mBuilding CXX object CMakeFiles/turtlesim__rosidl_typesupport_introspection_cpp.dir/rosidl_typesupport_introspection_cpp/turtlesim/action/detail/rotate_absolute__type_support.cpp.o[0m
[3.539s] [ 35%] [32mBuilding CXX object CMakeFiles/turtlesim__rosidl_typesupport_c.dir/rosidl_typesupport_c/turtlesim/srv/teleport_absolute__type_support.cpp.o[0m
[3.553s] [ 36%] [32mBuilding CXX object CMakeFiles/turtlesim__rosidl_typesupport_cpp.dir/rosidl_typesupport_cpp/turtlesim/srv/teleport_absolute__type_support.cpp.o[0m
[3.571s] [ 38%] [32mBuilding C object CMakeFiles/turtlesim__rosidl_typesupport_introspection_c.dir/rosidl_typesupport_introspection_c/turtlesim/srv/detail/set_pen__type_support.c.o[0m
[3.571s] [ 38%] [32mBuilding CXX object CMakeFiles/turtlesim__rosidl_typesupport_c.dir/rosidl_typesupport_c/turtlesim/srv/teleport_relative__type_support.cpp.o[0m
[3.575s] [ 39%] [32mBuilding C object CMakeFiles/turtlesim__rosidl_typesupport_introspection_c.dir/rosidl_typesupport_introspection_c/turtlesim/srv/detail/spawn__type_support.c.o[0m
[3.606s] [ 40%] [32m[1mLinking CXX shared library libturtlesim__rosidl_typesupport_c.so[0m
[3.616s] [ 41%] [32mBuilding C object CMakeFiles/turtlesim__rosidl_typesupport_introspection_c.dir/rosidl_typesupport_introspection_c/turtlesim/srv/detail/teleport_absolute__type_support.c.o[0m
[3.618s] [ 42%] [32mBuilding CXX object CMakeFiles/turtlesim__rosidl_typesupport_introspection_cpp.dir/rosidl_typesupport_introspection_cpp/turtlesim/msg/detail/color__type_support.cpp.o[0m
[3.661s] [ 42%] Built target turtlesim__rosidl_typesupport_c
[3.669s] [ 43%] [32mBuilding C object CMakeFiles/turtlesim__rosidl_typesupport_introspection_c.dir/rosidl_typesupport_introspection_c/turtlesim/srv/detail/teleport_relative__type_support.c.o[0m
[3.677s] [ 44%] [32mBuilding CXX object CMakeFiles/turtlesim__rosidl_typesupport_cpp.dir/rosidl_typesupport_cpp/turtlesim/srv/teleport_relative__type_support.cpp.o[0m
[3.710s] [ 45%] [32m[1mLinking C shared library libturtlesim__rosidl_typesupport_introspection_c.so[0m
[3.750s] [ 45%] Built target turtlesim__rosidl_typesupport_introspection_c
[3.750s] [ 46%] [32mBuilding CXX object CMakeFiles/turtlesim__rosidl_typesupport_fastrtps_c.dir/rosidl_typesupport_fastrtps_c/turtlesim/action/detail/rotate_absolute__type_support_c.cpp.o[0m
[3.763s] [ 47%] [32mBuilding CXX object CMakeFiles/turtlesim__rosidl_typesupport_fastrtps_c.dir/rosidl_typesupport_fastrtps_c/turtlesim/msg/detail/color__type_support_c.cpp.o[0m
[3.794s] [ 48%] [32mBuilding CXX object CMakeFiles/turtlesim__rosidl_typesupport_fastrtps_cpp.dir/rosidl_typesupport_fastrtps_cpp/turtlesim/action/detail/dds_fastrtps/rotate_absolute__type_support.cpp.o[0m
[3.856s] [ 49%] [32mBuilding CXX object CMakeFiles/turtlesim__rosidl_typesupport_introspection_cpp.dir/rosidl_typesupport_introspection_cpp/turtlesim/msg/detail/pose__type_support.cpp.o[0m
[3.898s] [ 50%] [32mBuilding CXX object CMakeFiles/turtlesim__rosidl_typesupport_fastrtps_cpp.dir/rosidl_typesupport_fastrtps_cpp/turtlesim/msg/detail/dds_fastrtps/color__type_support.cpp.o[0m
[4.013s] [ 51%] [32m[1mLinking CXX shared library libturtlesim__rosidl_typesupport_cpp.so[0m
[4.099s] [ 51%] Built target turtlesim__rosidl_typesupport_cpp
[4.114s] [ 52%] [32mBuilding CXX object CMakeFiles/turtlesim__rosidl_typesupport_fastrtps_cpp.dir/rosidl_typesupport_fastrtps_cpp/turtlesim/msg/detail/dds_fastrtps/pose__type_support.cpp.o[0m
[4.143s] [ 53%] [32mBuilding CXX object CMakeFiles/turtlesim__rosidl_typesupport_fastrtps_c.dir/rosidl_typesupport_fastrtps_c/turtlesim/msg/detail/pose__type_support_c.cpp.o[0m
[4.202s] [ 54%] [32mBuilding CXX object CMakeFiles/turtlesim__rosidl_typesupport_introspection_cpp.dir/rosidl_typesupport_introspection_cpp/turtlesim/srv/detail/kill__type_support.cpp.o[0m
[4.267s] [ 55%] [32mBuilding CXX object CMakeFiles/turtlesim__rosidl_typesupport_fastrtps_c.dir/rosidl_typesupport_fastrtps_c/turtlesim/srv/detail/kill__type_support_c.cpp.o[0m
[4.290s] [ 56%] [34m[1mGenerating include/turtlesim/moc_turtle_frame.cpp[0m
[4.332s] [ 57%] [32mBuilding CXX object CMakeFiles/turtlesim__rosidl_typesupport_fastrtps_cpp.dir/rosidl_typesupport_fastrtps_cpp/turtlesim/srv/detail/dds_fastrtps/kill__type_support.cpp.o[0m
[4.374s] [ 58%] [32mBuilding CXX object CMakeFiles/turtlesim_node.dir/src/turtlesim.cpp.o[0m
[4.413s] [ 59%] [32mBuilding CXX object CMakeFiles/turtle_teleop_key.dir/tutorials/teleop_turtle_key.cpp.o[0m
[4.498s] [ 60%] [32mBuilding CXX object CMakeFiles/turtlesim__rosidl_typesupport_fastrtps_c.dir/rosidl_typesupport_fastrtps_c/turtlesim/srv/detail/set_pen__type_support_c.cpp.o[0m
[4.559s] [ 61%] [32mBuilding CXX object CMakeFiles/turtlesim__rosidl_typesupport_fastrtps_cpp.dir/rosidl_typesupport_fastrtps_cpp/turtlesim/srv/detail/dds_fastrtps/set_pen__type_support.cpp.o[0m
[4.615s] [ 62%] [32mBuilding CXX object CMakeFiles/turtlesim__rosidl_typesupport_fastrtps_cpp.dir/rosidl_typesupport_fastrtps_cpp/turtlesim/srv/detail/dds_fastrtps/spawn__type_support.cpp.o[0m
[4.723s] [ 63%] [32mBuilding CXX object CMakeFiles/turtlesim__rosidl_typesupport_introspection_cpp.dir/rosidl_typesupport_introspection_cpp/turtlesim/srv/detail/set_pen__type_support.cpp.o[0m
[4.760s] [ 64%] [32mBuilding CXX object CMakeFiles/draw_square.dir/tutorials/draw_square.cpp.o[0m
[4.810s] [ 65%] [32mBuilding CXX object CMakeFiles/turtlesim__rosidl_typesupport_fastrtps_c.dir/rosidl_typesupport_fastrtps_c/turtlesim/srv/detail/spawn__type_support_c.cpp.o[0m
[4.922s] [ 66%] [32mBuilding CXX object CMakeFiles/turtlesim__rosidl_typesupport_fastrtps_c.dir/rosidl_typesupport_fastrtps_c/turtlesim/srv/detail/teleport_absolute__type_support_c.cpp.o[0m
[5.062s] [ 67%] [32mBuilding CXX object CMakeFiles/turtlesim_node.dir/src/turtle.cpp.o[0m
[5.130s] [ 68%] [32mBuilding CXX object CMakeFiles/turtlesim__rosidl_typesupport_fastrtps_cpp.dir/rosidl_typesupport_fastrtps_cpp/turtlesim/srv/detail/dds_fastrtps/teleport_absolute__type_support.cpp.o[0m
[5.196s] [ 69%] [32mBuilding CXX object CMakeFiles/turtlesim__rosidl_typesupport_introspection_cpp.dir/rosidl_typesupport_introspection_cpp/turtlesim/srv/detail/spawn__type_support.cpp.o[0m
[5.303s] [ 70%] [32mBuilding CXX object CMakeFiles/mimic.dir/tutorials/mimic.cpp.o[0m
[5.353s] [ 71%] [32mBuilding CXX object CMakeFiles/turtlesim__rosidl_typesupport_fastrtps_c.dir/rosidl_typesupport_fastrtps_c/turtlesim/srv/detail/teleport_relative__type_support_c.cpp.o[0m
[5.662s] [ 72%] [32mBuilding CXX object CMakeFiles/turtlesim__rosidl_typesupport_fastrtps_cpp.dir/rosidl_typesupport_fastrtps_cpp/turtlesim/srv/detail/dds_fastrtps/teleport_relative__type_support.cpp.o[0m
[5.678s] [ 73%] [32mBuilding CXX object CMakeFiles/turtlesim__rosidl_typesupport_introspection_cpp.dir/rosidl_typesupport_introspection_cpp/turtlesim/srv/detail/teleport_absolute__type_support.cpp.o[0m
[5.804s] [ 74%] [32m[1mLinking CXX shared library libturtlesim__rosidl_typesupport_fastrtps_c.so[0m
[5.933s] [ 74%] Built target turtlesim__rosidl_typesupport_fastrtps_c
[5.947s] [ 75%] [32mBuilding CXX object CMakeFiles/turtlesim_node.dir/src/turtle_frame.cpp.o[0m
[6.182s] [ 76%] [32m[1mLinking CXX shared library libturtlesim__rosidl_typesupport_fastrtps_cpp.so[0m
[6.187s] [ 77%] [32mBuilding CXX object CMakeFiles/turtlesim__rosidl_typesupport_introspection_cpp.dir/rosidl_typesupport_introspection_cpp/turtlesim/srv/detail/teleport_relative__type_support.cpp.o[0m
[6.296s] [ 77%] Built target turtlesim__rosidl_typesupport_fastrtps_cpp
[6.307s] [ 78%] [32mBuilding CXX object CMakeFiles/turtlesim_node.dir/include/turtlesim/moc_turtle_frame.cpp.o[0m
[6.675s] [ 79%] [32m[1mLinking CXX shared library libturtlesim__rosidl_typesupport_introspection_cpp.so[0m
[6.794s] [ 79%] Built target turtlesim__rosidl_typesupport_introspection_cpp
[6.818s] [ 79%] Built target turtlesim
[6.844s] [ 80%] [34m[1mGenerating Python code for ROS interfaces[0m
[9.407s] [ 80%] Built target turtlesim__py
[9.432s] [ 81%] [32mBuilding C object CMakeFiles/turtlesim__rosidl_generator_py.dir/rosidl_generator_py/turtlesim/action/_rotate_absolute_s.c.o[0m
[9.609s] [ 82%] [32mBuilding C object CMakeFiles/turtlesim__rosidl_generator_py.dir/rosidl_generator_py/turtlesim/msg/_color_s.c.o[0m
[9.735s] [ 83%] [32mBuilding C object CMakeFiles/turtlesim__rosidl_generator_py.dir/rosidl_generator_py/turtlesim/msg/_pose_s.c.o[0m
[9.868s] [ 84%] [32mBuilding C object CMakeFiles/turtlesim__rosidl_generator_py.dir/rosidl_generator_py/turtlesim/srv/_kill_s.c.o[0m
[10.014s] [ 85%] [32mBuilding C object CMakeFiles/turtlesim__rosidl_generator_py.dir/rosidl_generator_py/turtlesim/srv/_set_pen_s.c.o[0m
[10.156s] [ 86%] [32mBuilding C object CMakeFiles/turtlesim__rosidl_generator_py.dir/rosidl_generator_py/turtlesim/srv/_spawn_s.c.o[0m
[10.309s] [ 87%] [32mBuilding C object CMakeFiles/turtlesim__rosidl_generator_py.dir/rosidl_generator_py/turtlesim/srv/_teleport_absolute_s.c.o[0m
[10.371s] [ 88%] [32mBuilding C object CMakeFiles/turtlesim__rosidl_generator_py.dir/rosidl_generator_py/turtlesim/srv/_teleport_relative_s.c.o[0m
[10.513s] [ 89%] [32m[1mLinking C shared library rosidl_generator_py/turtlesim/libturtlesim__rosidl_generator_py.so[0m
[10.574s] [ 89%] Built target turtlesim__rosidl_generator_py
[10.626s] [ 90%] [32mBuilding C object CMakeFiles/turtlesim__rosidl_typesupport_fastrtps_c__pyext.dir/rosidl_generator_py/turtlesim/_turtlesim_s.ep.rosidl_typesupport_fastrtps_c.c.o[0m
[10.637s] [ 91%] [32mBuilding C object CMakeFiles/turtlesim__rosidl_typesupport_introspection_c__pyext.dir/rosidl_generator_py/turtlesim/_turtlesim_s.ep.rosidl_typesupport_introspection_c.c.o[0m
[10.856s] [ 92%] [32m[1mLinking C shared library rosidl_generator_py/turtlesim/turtlesim_s__rosidl_typesupport_introspection_c.cpython-310-x86_64-linux-gnu.so[0m
[10.903s] [ 93%] [32m[1mLinking C shared library rosidl_generator_py/turtlesim/turtlesim_s__rosidl_typesupport_fastrtps_c.cpython-310-x86_64-linux-gnu.so[0m
[10.906s] [ 93%] Built target turtlesim__rosidl_typesupport_introspection_c__pyext
[10.934s] [ 94%] [32mBuilding C object CMakeFiles/turtlesim__rosidl_typesupport_c__pyext.dir/rosidl_generator_py/turtlesim/_turtlesim_s.ep.rosidl_typesupport_c.c.o[0m
[10.964s] [ 94%] Built target turtlesim__rosidl_typesupport_fastrtps_c__pyext
[11.141s] [ 95%] [32m[1mLinking C shared library rosidl_generator_py/turtlesim/turtlesim_s__rosidl_typesupport_c.cpython-310-x86_64-linux-gnu.so[0m
[11.190s] [ 95%] Built target turtlesim__rosidl_typesupport_c__pyext
[12.446s] [ 96%] [32m[1mLinking CXX executable turtle_teleop_key[0m
[12.845s] [ 96%] Built target turtle_teleop_key
[15.359s] [ 97%] [32m[1mLinking CXX executable mimic[0m
[15.727s] [ 98%] [32m[1mLinking CXX executable draw_square[0m
[15.795s] [ 98%] Built target mimic
[16.174s] [ 98%] Built target draw_square
[18.487s] [100%] [32m[1mLinking CXX executable turtlesim_node[0m
[20.519s] [100%] Built target turtlesim_node
[20.530s] Invoked command in '/home/karol/Desktop/repos/ros2_tutorials/ros2_ws/build/turtlesim' returned '0': CMAKE_PREFIX_PATH=/opt/ros/humble VIRTUAL_ENV_PROMPT=(tutorial_env) /usr/bin/cmake --build /home/karol/Desktop/repos/ros2_tutorials/ros2_ws/build/turtlesim -- -j8 -l8
[20.538s] Invoking command in '/home/karol/Desktop/repos/ros2_tutorials/ros2_ws/build/turtlesim': CMAKE_PREFIX_PATH=/opt/ros/humble VIRTUAL_ENV_PROMPT=(tutorial_env) /usr/bin/cmake --install /home/karol/Desktop/repos/ros2_tutorials/ros2_ws/build/turtlesim
[20.544s] -- Install configuration: ""
[20.544s] -- Execute custom install script
[20.545s] -- Symlinking: /home/karol/Desktop/repos/ros2_tutorials/ros2_ws/install/turtlesim/share/ament_index/resource_index/rosidl_interfaces/turtlesim
[20.551s] -- Symlinking: /home/karol/Desktop/repos/ros2_tutorials/ros2_ws/install/turtlesim/include/turtlesim/turtlesim/action/detail/rotate_absolute__functions.h
[20.557s] -- Symlinking: /home/karol/Desktop/repos/ros2_tutorials/ros2_ws/install/turtlesim/include/turtlesim/turtlesim/action/detail/rotate_absolute__struct.h
[20.563s] -- Symlinking: /home/karol/Desktop/repos/ros2_tutorials/ros2_ws/install/turtlesim/include/turtlesim/turtlesim/action/detail/rotate_absolute__type_support.h
[20.571s] -- Symlinking: /home/karol/Desktop/repos/ros2_tutorials/ros2_ws/install/turtlesim/include/turtlesim/turtlesim/action/rotate_absolute.h
[20.578s] -- Symlinking: /home/karol/Desktop/repos/ros2_tutorials/ros2_ws/install/turtlesim/include/turtlesim/turtlesim/msg/color.h
[20.583s] -- Symlinking: /home/karol/Desktop/repos/ros2_tutorials/ros2_ws/install/turtlesim/include/turtlesim/turtlesim/msg/detail/color__functions.h
[20.589s] -- Symlinking: /home/karol/Desktop/repos/ros2_tutorials/ros2_ws/install/turtlesim/include/turtlesim/turtlesim/msg/detail/color__struct.h
[20.595s] -- Symlinking: /home/karol/Desktop/repos/ros2_tutorials/ros2_ws/install/turtlesim/include/turtlesim/turtlesim/msg/detail/color__type_support.h
[20.600s] -- Symlinking: /home/karol/Desktop/repos/ros2_tutorials/ros2_ws/install/turtlesim/include/turtlesim/turtlesim/msg/detail/pose__functions.h
[20.616s] -- Symlinking: /home/karol/Desktop/repos/ros2_tutorials/ros2_ws/install/turtlesim/include/turtlesim/turtlesim/msg/detail/pose__struct.h
[20.623s] -- Symlinking: /home/karol/Desktop/repos/ros2_tutorials/ros2_ws/install/turtlesim/include/turtlesim/turtlesim/msg/detail/pose__type_support.h
[20.634s] -- Symlinking: /home/karol/Desktop/repos/ros2_tutorials/ros2_ws/install/turtlesim/include/turtlesim/turtlesim/msg/pose.h
[20.640s] -- Symlinking: /home/karol/Desktop/repos/ros2_tutorials/ros2_ws/install/turtlesim/include/turtlesim/turtlesim/msg/rosidl_generator_c__visibility_control.h
[20.651s] -- Symlinking: /home/karol/Desktop/repos/ros2_tutorials/ros2_ws/install/turtlesim/include/turtlesim/turtlesim/srv/detail/kill__functions.h
[20.659s] -- Symlinking: /home/karol/Desktop/repos/ros2_tutorials/ros2_ws/install/turtlesim/include/turtlesim/turtlesim/srv/detail/kill__struct.h
[20.666s] -- Symlinking: /home/karol/Desktop/repos/ros2_tutorials/ros2_ws/install/turtlesim/include/turtlesim/turtlesim/srv/detail/kill__type_support.h
[20.671s] -- Symlinking: /home/karol/Desktop/repos/ros2_tutorials/ros2_ws/install/turtlesim/include/turtlesim/turtlesim/srv/detail/set_pen__functions.h
[20.677s] -- Symlinking: /home/karol/Desktop/repos/ros2_tutorials/ros2_ws/install/turtlesim/include/turtlesim/turtlesim/srv/detail/set_pen__struct.h
[20.683s] -- Symlinking: /home/karol/Desktop/repos/ros2_tutorials/ros2_ws/install/turtlesim/include/turtlesim/turtlesim/srv/detail/set_pen__type_support.h
[20.688s] -- Symlinking: /home/karol/Desktop/repos/ros2_tutorials/ros2_ws/install/turtlesim/include/turtlesim/turtlesim/srv/detail/spawn__functions.h
[20.694s] -- Symlinking: /home/karol/Desktop/repos/ros2_tutorials/ros2_ws/install/turtlesim/include/turtlesim/turtlesim/srv/detail/spawn__struct.h
[20.700s] -- Symlinking: /home/karol/Desktop/repos/ros2_tutorials/ros2_ws/install/turtlesim/include/turtlesim/turtlesim/srv/detail/spawn__type_support.h
[20.707s] -- Symlinking: /home/karol/Desktop/repos/ros2_tutorials/ros2_ws/install/turtlesim/include/turtlesim/turtlesim/srv/detail/teleport_absolute__functions.h
[20.713s] -- Symlinking: /home/karol/Desktop/repos/ros2_tutorials/ros2_ws/install/turtlesim/include/turtlesim/turtlesim/srv/detail/teleport_absolute__struct.h
[20.718s] -- Symlinking: /home/karol/Desktop/repos/ros2_tutorials/ros2_ws/install/turtlesim/include/turtlesim/turtlesim/srv/detail/teleport_absolute__type_support.h
[20.726s] -- Symlinking: /home/karol/Desktop/repos/ros2_tutorials/ros2_ws/install/turtlesim/include/turtlesim/turtlesim/srv/detail/teleport_relative__functions.h
[20.732s] -- Symlinking: /home/karol/Desktop/repos/ros2_tutorials/ros2_ws/install/turtlesim/include/turtlesim/turtlesim/srv/detail/teleport_relative__struct.h
[20.738s] -- Symlinking: /home/karol/Desktop/repos/ros2_tutorials/ros2_ws/install/turtlesim/include/turtlesim/turtlesim/srv/detail/teleport_relative__type_support.h
[20.745s] -- Symlinking: /home/karol/Desktop/repos/ros2_tutorials/ros2_ws/install/turtlesim/include/turtlesim/turtlesim/srv/kill.h
[20.750s] -- Symlinking: /home/karol/Desktop/repos/ros2_tutorials/ros2_ws/install/turtlesim/include/turtlesim/turtlesim/srv/set_pen.h
[20.757s] -- Symlinking: /home/karol/Desktop/repos/ros2_tutorials/ros2_ws/install/turtlesim/include/turtlesim/turtlesim/srv/spawn.h
[20.762s] -- Symlinking: /home/karol/Desktop/repos/ros2_tutorials/ros2_ws/install/turtlesim/include/turtlesim/turtlesim/srv/teleport_absolute.h
[20.768s] -- Symlinking: /home/karol/Desktop/repos/ros2_tutorials/ros2_ws/install/turtlesim/include/turtlesim/turtlesim/srv/teleport_relative.h
[20.774s] -- Symlinking: /home/karol/Desktop/repos/ros2_tutorials/ros2_ws/install/turtlesim/share/turtlesim/environment/library_path.sh
[20.780s] -- Symlinking: /home/karol/Desktop/repos/ros2_tutorials/ros2_ws/install/turtlesim/share/turtlesim/environment/library_path.dsv
[20.786s] -- Symlinking: /home/karol/Desktop/repos/ros2_tutorials/ros2_ws/install/turtlesim/include/turtlesim/turtlesim/action/detail/rotate_absolute__rosidl_typesupport_fastrtps_c.h
[20.792s] -- Symlinking: /home/karol/Desktop/repos/ros2_tutorials/ros2_ws/install/turtlesim/include/turtlesim/turtlesim/msg/detail/color__rosidl_typesupport_fastrtps_c.h
[20.798s] -- Symlinking: /home/karol/Desktop/repos/ros2_tutorials/ros2_ws/install/turtlesim/include/turtlesim/turtlesim/msg/detail/pose__rosidl_typesupport_fastrtps_c.h
[20.804s] -- Symlinking: /home/karol/Desktop/repos/ros2_tutorials/ros2_ws/install/turtlesim/include/turtlesim/turtlesim/msg/rosidl_typesupport_fastrtps_c__visibility_control.h
[20.810s] -- Symlinking: /home/karol/Desktop/repos/ros2_tutorials/ros2_ws/install/turtlesim/include/turtlesim/turtlesim/srv/detail/kill__rosidl_typesupport_fastrtps_c.h
[20.817s] -- Symlinking: /home/karol/Desktop/repos/ros2_tutorials/ros2_ws/install/turtlesim/include/turtlesim/turtlesim/srv/detail/set_pen__rosidl_typesupport_fastrtps_c.h
[20.824s] -- Symlinking: /home/karol/Desktop/repos/ros2_tutorials/ros2_ws/install/turtlesim/include/turtlesim/turtlesim/srv/detail/spawn__rosidl_typesupport_fastrtps_c.h
[20.830s] -- Symlinking: /home/karol/Desktop/repos/ros2_tutorials/ros2_ws/install/turtlesim/include/turtlesim/turtlesim/srv/detail/teleport_absolute__rosidl_typesupport_fastrtps_c.h
[20.836s] -- Symlinking: /home/karol/Desktop/repos/ros2_tutorials/ros2_ws/install/turtlesim/include/turtlesim/turtlesim/srv/detail/teleport_relative__rosidl_typesupport_fastrtps_c.h
[20.843s] -- Symlinking: /home/karol/Desktop/repos/ros2_tutorials/ros2_ws/install/turtlesim/include/turtlesim/turtlesim/action/detail/rotate_absolute__builder.hpp
[20.849s] -- Symlinking: /home/karol/Desktop/repos/ros2_tutorials/ros2_ws/install/turtlesim/include/turtlesim/turtlesim/action/detail/rotate_absolute__struct.hpp
[20.855s] -- Symlinking: /home/karol/Desktop/repos/ros2_tutorials/ros2_ws/install/turtlesim/include/turtlesim/turtlesim/action/detail/rotate_absolute__traits.hpp
[20.861s] -- Symlinking: /home/karol/Desktop/repos/ros2_tutorials/ros2_ws/install/turtlesim/include/turtlesim/turtlesim/action/detail/rotate_absolute__type_support.hpp
[20.867s] -- Symlinking: /home/karol/Desktop/repos/ros2_tutorials/ros2_ws/install/turtlesim/include/turtlesim/turtlesim/action/rotate_absolute.hpp
[20.873s] -- Symlinking: /home/karol/Desktop/repos/ros2_tutorials/ros2_ws/install/turtlesim/include/turtlesim/turtlesim/msg/color.hpp
[20.878s] -- Symlinking: /home/karol/Desktop/repos/ros2_tutorials/ros2_ws/install/turtlesim/include/turtlesim/turtlesim/msg/detail/color__builder.hpp
[20.884s] -- Symlinking: /home/karol/Desktop/repos/ros2_tutorials/ros2_ws/install/turtlesim/include/turtlesim/turtlesim/msg/detail/color__struct.hpp
[20.890s] -- Symlinking: /home/karol/Desktop/repos/ros2_tutorials/ros2_ws/install/turtlesim/include/turtlesim/turtlesim/msg/detail/color__traits.hpp
[20.896s] -- Symlinking: /home/karol/Desktop/repos/ros2_tutorials/ros2_ws/install/turtlesim/include/turtlesim/turtlesim/msg/detail/color__type_support.hpp
[20.902s] -- Symlinking: /home/karol/Desktop/repos/ros2_tutorials/ros2_ws/install/turtlesim/include/turtlesim/turtlesim/msg/detail/pose__builder.hpp
[20.909s] -- Symlinking: /home/karol/Desktop/repos/ros2_tutorials/ros2_ws/install/turtlesim/include/turtlesim/turtlesim/msg/detail/pose__struct.hpp
[20.915s] -- Symlinking: /home/karol/Desktop/repos/ros2_tutorials/ros2_ws/install/turtlesim/include/turtlesim/turtlesim/msg/detail/pose__traits.hpp
[20.922s] -- Symlinking: /home/karol/Desktop/repos/ros2_tutorials/ros2_ws/install/turtlesim/include/turtlesim/turtlesim/msg/detail/pose__type_support.hpp
[20.928s] -- Symlinking: /home/karol/Desktop/repos/ros2_tutorials/ros2_ws/install/turtlesim/include/turtlesim/turtlesim/msg/pose.hpp
[20.934s] -- Symlinking: /home/karol/Desktop/repos/ros2_tutorials/ros2_ws/install/turtlesim/include/turtlesim/turtlesim/msg/rosidl_generator_cpp__visibility_control.hpp
[20.941s] -- Symlinking: /home/karol/Desktop/repos/ros2_tutorials/ros2_ws/install/turtlesim/include/turtlesim/turtlesim/srv/detail/kill__builder.hpp
[20.947s] -- Symlinking: /home/karol/Desktop/repos/ros2_tutorials/ros2_ws/install/turtlesim/include/turtlesim/turtlesim/srv/detail/kill__struct.hpp
[20.952s] -- Symlinking: /home/karol/Desktop/repos/ros2_tutorials/ros2_ws/install/turtlesim/include/turtlesim/turtlesim/srv/detail/kill__traits.hpp
[20.958s] -- Symlinking: /home/karol/Desktop/repos/ros2_tutorials/ros2_ws/install/turtlesim/include/turtlesim/turtlesim/srv/detail/kill__type_support.hpp
[20.964s] -- Symlinking: /home/karol/Desktop/repos/ros2_tutorials/ros2_ws/install/turtlesim/include/turtlesim/turtlesim/srv/detail/set_pen__builder.hpp
[20.970s] -- Symlinking: /home/karol/Desktop/repos/ros2_tutorials/ros2_ws/install/turtlesim/include/turtlesim/turtlesim/srv/detail/set_pen__struct.hpp
[20.976s] -- Symlinking: /home/karol/Desktop/repos/ros2_tutorials/ros2_ws/install/turtlesim/include/turtlesim/turtlesim/srv/detail/set_pen__traits.hpp
[20.982s] -- Symlinking: /home/karol/Desktop/repos/ros2_tutorials/ros2_ws/install/turtlesim/include/turtlesim/turtlesim/srv/detail/set_pen__type_support.hpp
[20.988s] -- Symlinking: /home/karol/Desktop/repos/ros2_tutorials/ros2_ws/install/turtlesim/include/turtlesim/turtlesim/srv/detail/spawn__builder.hpp
[20.994s] -- Symlinking: /home/karol/Desktop/repos/ros2_tutorials/ros2_ws/install/turtlesim/include/turtlesim/turtlesim/srv/detail/spawn__struct.hpp
[21.000s] -- Symlinking: /home/karol/Desktop/repos/ros2_tutorials/ros2_ws/install/turtlesim/include/turtlesim/turtlesim/srv/detail/spawn__traits.hpp
[21.007s] -- Symlinking: /home/karol/Desktop/repos/ros2_tutorials/ros2_ws/install/turtlesim/include/turtlesim/turtlesim/srv/detail/spawn__type_support.hpp
[21.013s] -- Symlinking: /home/karol/Desktop/repos/ros2_tutorials/ros2_ws/install/turtlesim/include/turtlesim/turtlesim/srv/detail/teleport_absolute__builder.hpp
[21.020s] -- Symlinking: /home/karol/Desktop/repos/ros2_tutorials/ros2_ws/install/turtlesim/include/turtlesim/turtlesim/srv/detail/teleport_absolute__struct.hpp
[21.027s] -- Symlinking: /home/karol/Desktop/repos/ros2_tutorials/ros2_ws/install/turtlesim/include/turtlesim/turtlesim/srv/detail/teleport_absolute__traits.hpp
[21.033s] -- Symlinking: /home/karol/Desktop/repos/ros2_tutorials/ros2_ws/install/turtlesim/include/turtlesim/turtlesim/srv/detail/teleport_absolute__type_support.hpp
[21.041s] -- Symlinking: /home/karol/Desktop/repos/ros2_tutorials/ros2_ws/install/turtlesim/include/turtlesim/turtlesim/srv/detail/teleport_relative__builder.hpp
[21.047s] -- Symlinking: /home/karol/Desktop/repos/ros2_tutorials/ros2_ws/install/turtlesim/include/turtlesim/turtlesim/srv/detail/teleport_relative__struct.hpp
[21.052s] -- Symlinking: /home/karol/Desktop/repos/ros2_tutorials/ros2_ws/install/turtlesim/include/turtlesim/turtlesim/srv/detail/teleport_relative__traits.hpp
[21.059s] -- Symlinking: /home/karol/Desktop/repos/ros2_tutorials/ros2_ws/install/turtlesim/include/turtlesim/turtlesim/srv/detail/teleport_relative__type_support.hpp
[21.065s] -- Symlinking: /home/karol/Desktop/repos/ros2_tutorials/ros2_ws/install/turtlesim/include/turtlesim/turtlesim/srv/kill.hpp
[21.070s] -- Symlinking: /home/karol/Desktop/repos/ros2_tutorials/ros2_ws/install/turtlesim/include/turtlesim/turtlesim/srv/set_pen.hpp
[21.076s] -- Symlinking: /home/karol/Desktop/repos/ros2_tutorials/ros2_ws/install/turtlesim/include/turtlesim/turtlesim/srv/spawn.hpp
[21.082s] -- Symlinking: /home/karol/Desktop/repos/ros2_tutorials/ros2_ws/install/turtlesim/include/turtlesim/turtlesim/srv/teleport_absolute.hpp
[21.087s] -- Symlinking: /home/karol/Desktop/repos/ros2_tutorials/ros2_ws/install/turtlesim/include/turtlesim/turtlesim/srv/teleport_relative.hpp
[21.094s] -- Symlinking: /home/karol/Desktop/repos/ros2_tutorials/ros2_ws/install/turtlesim/include/turtlesim/turtlesim/action/detail/rotate_absolute__rosidl_typesupport_fastrtps_cpp.hpp
[21.099s] -- Symlinking: /home/karol/Desktop/repos/ros2_tutorials/ros2_ws/install/turtlesim/include/turtlesim/turtlesim/msg/detail/color__rosidl_typesupport_fastrtps_cpp.hpp
[21.106s] -- Symlinking: /home/karol/Desktop/repos/ros2_tutorials/ros2_ws/install/turtlesim/include/turtlesim/turtlesim/msg/detail/pose__rosidl_typesupport_fastrtps_cpp.hpp
[21.112s] -- Symlinking: /home/karol/Desktop/repos/ros2_tutorials/ros2_ws/install/turtlesim/include/turtlesim/turtlesim/msg/rosidl_typesupport_fastrtps_cpp__visibility_control.h
[21.118s] -- Symlinking: /home/karol/Desktop/repos/ros2_tutorials/ros2_ws/install/turtlesim/include/turtlesim/turtlesim/srv/detail/kill__rosidl_typesupport_fastrtps_cpp.hpp
[21.126s] -- Symlinking: /home/karol/Desktop/repos/ros2_tutorials/ros2_ws/install/turtlesim/include/turtlesim/turtlesim/srv/detail/set_pen__rosidl_typesupport_fastrtps_cpp.hpp
[21.132s] -- Symlinking: /home/karol/Desktop/repos/ros2_tutorials/ros2_ws/install/turtlesim/include/turtlesim/turtlesim/srv/detail/spawn__rosidl_typesupport_fastrtps_cpp.hpp
[21.139s] -- Symlinking: /home/karol/Desktop/repos/ros2_tutorials/ros2_ws/install/turtlesim/include/turtlesim/turtlesim/srv/detail/teleport_absolute__rosidl_typesupport_fastrtps_cpp.hpp
[21.145s] -- Symlinking: /home/karol/Desktop/repos/ros2_tutorials/ros2_ws/install/turtlesim/include/turtlesim/turtlesim/srv/detail/teleport_relative__rosidl_typesupport_fastrtps_cpp.hpp
[21.151s] -- Symlinking: /home/karol/Desktop/repos/ros2_tutorials/ros2_ws/install/turtlesim/include/turtlesim/turtlesim/action/detail/rotate_absolute__rosidl_typesupport_introspection_c.h
[21.157s] -- Symlinking: /home/karol/Desktop/repos/ros2_tutorials/ros2_ws/install/turtlesim/include/turtlesim/turtlesim/msg/detail/color__rosidl_typesupport_introspection_c.h
[21.163s] -- Symlinking: /home/karol/Desktop/repos/ros2_tutorials/ros2_ws/install/turtlesim/include/turtlesim/turtlesim/msg/detail/pose__rosidl_typesupport_introspection_c.h
[21.169s] -- Symlinking: /home/karol/Desktop/repos/ros2_tutorials/ros2_ws/install/turtlesim/include/turtlesim/turtlesim/msg/rosidl_typesupport_introspection_c__visibility_control.h
[21.174s] -- Symlinking: /home/karol/Desktop/repos/ros2_tutorials/ros2_ws/install/turtlesim/include/turtlesim/turtlesim/srv/detail/kill__rosidl_typesupport_introspection_c.h
[21.180s] -- Symlinking: /home/karol/Desktop/repos/ros2_tutorials/ros2_ws/install/turtlesim/include/turtlesim/turtlesim/srv/detail/set_pen__rosidl_typesupport_introspection_c.h
[21.186s] -- Symlinking: /home/karol/Desktop/repos/ros2_tutorials/ros2_ws/install/turtlesim/include/turtlesim/turtlesim/srv/detail/spawn__rosidl_typesupport_introspection_c.h
[21.192s] -- Symlinking: /home/karol/Desktop/repos/ros2_tutorials/ros2_ws/install/turtlesim/include/turtlesim/turtlesim/srv/detail/teleport_absolute__rosidl_typesupport_introspection_c.h
[21.198s] -- Symlinking: /home/karol/Desktop/repos/ros2_tutorials/ros2_ws/install/turtlesim/include/turtlesim/turtlesim/srv/detail/teleport_relative__rosidl_typesupport_introspection_c.h
[21.204s] -- Symlinking: /home/karol/Desktop/repos/ros2_tutorials/ros2_ws/install/turtlesim/include/turtlesim/turtlesim/action/detail/rotate_absolute__rosidl_typesupport_introspection_cpp.hpp
[21.211s] -- Symlinking: /home/karol/Desktop/repos/ros2_tutorials/ros2_ws/install/turtlesim/include/turtlesim/turtlesim/msg/detail/color__rosidl_typesupport_introspection_cpp.hpp
[21.217s] -- Symlinking: /home/karol/Desktop/repos/ros2_tutorials/ros2_ws/install/turtlesim/include/turtlesim/turtlesim/msg/detail/pose__rosidl_typesupport_introspection_cpp.hpp
[21.224s] -- Symlinking: /home/karol/Desktop/repos/ros2_tutorials/ros2_ws/install/turtlesim/include/turtlesim/turtlesim/srv/detail/kill__rosidl_typesupport_introspection_cpp.hpp
[21.231s] -- Symlinking: /home/karol/Desktop/repos/ros2_tutorials/ros2_ws/install/turtlesim/include/turtlesim/turtlesim/srv/detail/set_pen__rosidl_typesupport_introspection_cpp.hpp
[21.237s] -- Symlinking: /home/karol/Desktop/repos/ros2_tutorials/ros2_ws/install/turtlesim/include/turtlesim/turtlesim/srv/detail/spawn__rosidl_typesupport_introspection_cpp.hpp
[21.244s] -- Symlinking: /home/karol/Desktop/repos/ros2_tutorials/ros2_ws/install/turtlesim/include/turtlesim/turtlesim/srv/detail/teleport_absolute__rosidl_typesupport_introspection_cpp.hpp
[21.250s] -- Symlinking: /home/karol/Desktop/repos/ros2_tutorials/ros2_ws/install/turtlesim/include/turtlesim/turtlesim/srv/detail/teleport_relative__rosidl_typesupport_introspection_cpp.hpp
[21.256s] -- Symlinking: /home/karol/Desktop/repos/ros2_tutorials/ros2_ws/install/turtlesim/share/turtlesim/environment/pythonpath.sh
[21.262s] -- Symlinking: /home/karol/Desktop/repos/ros2_tutorials/ros2_ws/install/turtlesim/share/turtlesim/environment/pythonpath.dsv
[21.268s] -- Symlinking: /home/karol/Desktop/repos/ros2_tutorials/ros2_ws/install/turtlesim/local/lib/python3.10/dist-packages/turtlesim-1.4.2-py3.10.egg-info/PKG-INFO
[21.275s] -- Symlinking: /home/karol/Desktop/repos/ros2_tutorials/ros2_ws/install/turtlesim/local/lib/python3.10/dist-packages/turtlesim-1.4.2-py3.10.egg-info/SOURCES.txt
[21.281s] -- Symlinking: /home/karol/Desktop/repos/ros2_tutorials/ros2_ws/install/turtlesim/local/lib/python3.10/dist-packages/turtlesim-1.4.2-py3.10.egg-info/dependency_links.txt
[21.287s] -- Symlinking: /home/karol/Desktop/repos/ros2_tutorials/ros2_ws/install/turtlesim/local/lib/python3.10/dist-packages/turtlesim-1.4.2-py3.10.egg-info/top_level.txt
[21.294s] -- Symlinking: /home/karol/Desktop/repos/ros2_tutorials/ros2_ws/install/turtlesim/local/lib/python3.10/dist-packages/turtlesim/__init__.py
[21.300s] -- Symlinking: /home/karol/Desktop/repos/ros2_tutorials/ros2_ws/install/turtlesim/local/lib/python3.10/dist-packages/turtlesim/_turtlesim_s.ep.rosidl_typesupport_c.c
[21.307s] -- Symlinking: /home/karol/Desktop/repos/ros2_tutorials/ros2_ws/install/turtlesim/local/lib/python3.10/dist-packages/turtlesim/_turtlesim_s.ep.rosidl_typesupport_fastrtps_c.c
[21.314s] -- Symlinking: /home/karol/Desktop/repos/ros2_tutorials/ros2_ws/install/turtlesim/local/lib/python3.10/dist-packages/turtlesim/_turtlesim_s.ep.rosidl_typesupport_introspection_c.c
[21.320s] -- Symlinking: /home/karol/Desktop/repos/ros2_tutorials/ros2_ws/install/turtlesim/local/lib/python3.10/dist-packages/turtlesim/action/__init__.py
[21.327s] -- Symlinking: /home/karol/Desktop/repos/ros2_tutorials/ros2_ws/install/turtlesim/local/lib/python3.10/dist-packages/turtlesim/action/_rotate_absolute.py
[21.333s] -- Symlinking: /home/karol/Desktop/repos/ros2_tutorials/ros2_ws/install/turtlesim/local/lib/python3.10/dist-packages/turtlesim/action/_rotate_absolute_s.c
[21.341s] -- Symlinking: /home/karol/Desktop/repos/ros2_tutorials/ros2_ws/install/turtlesim/local/lib/python3.10/dist-packages/turtlesim/libturtlesim__rosidl_generator_py.so
[21.347s] -- Symlinking: /home/karol/Desktop/repos/ros2_tutorials/ros2_ws/install/turtlesim/local/lib/python3.10/dist-packages/turtlesim/msg/__init__.py
[21.353s] -- Symlinking: /home/karol/Desktop/repos/ros2_tutorials/ros2_ws/install/turtlesim/local/lib/python3.10/dist-packages/turtlesim/msg/_color.py
[21.360s] -- Symlinking: /home/karol/Desktop/repos/ros2_tutorials/ros2_ws/install/turtlesim/local/lib/python3.10/dist-packages/turtlesim/msg/_color_s.c
[21.365s] -- Symlinking: /home/karol/Desktop/repos/ros2_tutorials/ros2_ws/install/turtlesim/local/lib/python3.10/dist-packages/turtlesim/msg/_pose.py
[21.371s] -- Symlinking: /home/karol/Desktop/repos/ros2_tutorials/ros2_ws/install/turtlesim/local/lib/python3.10/dist-packages/turtlesim/msg/_pose_s.c
[21.377s] -- Symlinking: /home/karol/Desktop/repos/ros2_tutorials/ros2_ws/install/turtlesim/local/lib/python3.10/dist-packages/turtlesim/srv/__init__.py
[21.382s] -- Symlinking: /home/karol/Desktop/repos/ros2_tutorials/ros2_ws/install/turtlesim/local/lib/python3.10/dist-packages/turtlesim/srv/_kill.py
[21.388s] -- Symlinking: /home/karol/Desktop/repos/ros2_tutorials/ros2_ws/install/turtlesim/local/lib/python3.10/dist-packages/turtlesim/srv/_kill_s.c
[21.394s] -- Symlinking: /home/karol/Desktop/repos/ros2_tutorials/ros2_ws/install/turtlesim/local/lib/python3.10/dist-packages/turtlesim/srv/_set_pen.py
[21.399s] -- Symlinking: /home/karol/Desktop/repos/ros2_tutorials/ros2_ws/install/turtlesim/local/lib/python3.10/dist-packages/turtlesim/srv/_set_pen_s.c
[21.406s] -- Symlinking: /home/karol/Desktop/repos/ros2_tutorials/ros2_ws/install/turtlesim/local/lib/python3.10/dist-packages/turtlesim/srv/_spawn.py
[21.412s] -- Symlinking: /home/karol/Desktop/repos/ros2_tutorials/ros2_ws/install/turtlesim/local/lib/python3.10/dist-packages/turtlesim/srv/_spawn_s.c
[21.419s] -- Symlinking: /home/karol/Desktop/repos/ros2_tutorials/ros2_ws/install/turtlesim/local/lib/python3.10/dist-packages/turtlesim/srv/_teleport_absolute.py
[21.427s] -- Symlinking: /home/karol/Desktop/repos/ros2_tutorials/ros2_ws/install/turtlesim/local/lib/python3.10/dist-packages/turtlesim/srv/_teleport_absolute_s.c
[21.433s] -- Symlinking: /home/karol/Desktop/repos/ros2_tutorials/ros2_ws/install/turtlesim/local/lib/python3.10/dist-packages/turtlesim/srv/_teleport_relative.py
[21.440s] -- Symlinking: /home/karol/Desktop/repos/ros2_tutorials/ros2_ws/install/turtlesim/local/lib/python3.10/dist-packages/turtlesim/srv/_teleport_relative_s.c
[21.446s] -- Symlinking: /home/karol/Desktop/repos/ros2_tutorials/ros2_ws/install/turtlesim/local/lib/python3.10/dist-packages/turtlesim/turtlesim_s__rosidl_typesupport_c.cpython-310-x86_64-linux-gnu.so
[21.452s] -- Symlinking: /home/karol/Desktop/repos/ros2_tutorials/ros2_ws/install/turtlesim/local/lib/python3.10/dist-packages/turtlesim/turtlesim_s__rosidl_typesupport_fastrtps_c.cpython-310-x86_64-linux-gnu.so
[21.458s] -- Symlinking: /home/karol/Desktop/repos/ros2_tutorials/ros2_ws/install/turtlesim/local/lib/python3.10/dist-packages/turtlesim/turtlesim_s__rosidl_typesupport_introspection_c.cpython-310-x86_64-linux-gnu.so
[21.464s] -- Up-to-date symlink: /home/karol/Desktop/repos/ros2_tutorials/ros2_ws/install/turtlesim/local/lib/python3.10/dist-packages/turtlesim/turtlesim_s__rosidl_typesupport_fastrtps_c.cpython-310-x86_64-linux-gnu.so
[21.464s] -- Up-to-date symlink: /home/karol/Desktop/repos/ros2_tutorials/ros2_ws/install/turtlesim/local/lib/python3.10/dist-packages/turtlesim/turtlesim_s__rosidl_typesupport_introspection_c.cpython-310-x86_64-linux-gnu.so
[21.465s] -- Up-to-date symlink: /home/karol/Desktop/repos/ros2_tutorials/ros2_ws/install/turtlesim/local/lib/python3.10/dist-packages/turtlesim/turtlesim_s__rosidl_typesupport_c.cpython-310-x86_64-linux-gnu.so
[21.465s] -- Symlinking: /home/karol/Desktop/repos/ros2_tutorials/ros2_ws/install/turtlesim/share/turtlesim/action/RotateAbsolute.idl
[21.471s] -- Symlinking: /home/karol/Desktop/repos/ros2_tutorials/ros2_ws/install/turtlesim/share/turtlesim/msg/Color.idl
[21.477s] -- Symlinking: /home/karol/Desktop/repos/ros2_tutorials/ros2_ws/install/turtlesim/share/turtlesim/msg/Pose.idl
[21.483s] -- Symlinking: /home/karol/Desktop/repos/ros2_tutorials/ros2_ws/install/turtlesim/share/turtlesim/srv/Kill.idl
[21.489s] -- Symlinking: /home/karol/Desktop/repos/ros2_tutorials/ros2_ws/install/turtlesim/share/turtlesim/srv/SetPen.idl
[21.495s] -- Symlinking: /home/karol/Desktop/repos/ros2_tutorials/ros2_ws/install/turtlesim/share/turtlesim/srv/Spawn.idl
[21.501s] -- Symlinking: /home/karol/Desktop/repos/ros2_tutorials/ros2_ws/install/turtlesim/share/turtlesim/srv/TeleportAbsolute.idl
[21.508s] -- Symlinking: /home/karol/Desktop/repos/ros2_tutorials/ros2_ws/install/turtlesim/share/turtlesim/srv/TeleportRelative.idl
[21.516s] -- Symlinking: /home/karol/Desktop/repos/ros2_tutorials/ros2_ws/install/turtlesim/share/turtlesim/action/RotateAbsolute.action
[21.524s] -- Symlinking: /home/karol/Desktop/repos/ros2_tutorials/ros2_ws/install/turtlesim/share/turtlesim/msg/Color.msg
[21.531s] -- Symlinking: /home/karol/Desktop/repos/ros2_tutorials/ros2_ws/install/turtlesim/share/turtlesim/msg/Pose.msg
[21.537s] -- Symlinking: /home/karol/Desktop/repos/ros2_tutorials/ros2_ws/install/turtlesim/share/turtlesim/srv/Kill.srv
[21.544s] -- Symlinking: /home/karol/Desktop/repos/ros2_tutorials/ros2_ws/install/turtlesim/share/turtlesim/srv/Kill_Request.msg
[21.550s] -- Symlinking: /home/karol/Desktop/repos/ros2_tutorials/ros2_ws/install/turtlesim/share/turtlesim/srv/Kill_Response.msg
[21.556s] -- Symlinking: /home/karol/Desktop/repos/ros2_tutorials/ros2_ws/install/turtlesim/share/turtlesim/srv/SetPen.srv
[21.562s] -- Symlinking: /home/karol/Desktop/repos/ros2_tutorials/ros2_ws/install/turtlesim/share/turtlesim/srv/SetPen_Request.msg
[21.568s] -- Symlinking: /home/karol/Desktop/repos/ros2_tutorials/ros2_ws/install/turtlesim/share/turtlesim/srv/SetPen_Response.msg
[21.573s] -- Symlinking: /home/karol/Desktop/repos/ros2_tutorials/ros2_ws/install/turtlesim/share/turtlesim/srv/Spawn.srv
[21.579s] -- Symlinking: /home/karol/Desktop/repos/ros2_tutorials/ros2_ws/install/turtlesim/share/turtlesim/srv/Spawn_Request.msg
[21.585s] -- Symlinking: /home/karol/Desktop/repos/ros2_tutorials/ros2_ws/install/turtlesim/share/turtlesim/srv/Spawn_Response.msg
[21.590s] -- Symlinking: /home/karol/Desktop/repos/ros2_tutorials/ros2_ws/install/turtlesim/share/turtlesim/srv/TeleportAbsolute.srv
[21.596s] -- Symlinking: /home/karol/Desktop/repos/ros2_tutorials/ros2_ws/install/turtlesim/share/turtlesim/srv/TeleportAbsolute_Request.msg
[21.602s] -- Symlinking: /home/karol/Desktop/repos/ros2_tutorials/ros2_ws/install/turtlesim/share/turtlesim/srv/TeleportAbsolute_Response.msg
[21.609s] -- Symlinking: /home/karol/Desktop/repos/ros2_tutorials/ros2_ws/install/turtlesim/share/turtlesim/srv/TeleportRelative.srv
[21.615s] -- Symlinking: /home/karol/Desktop/repos/ros2_tutorials/ros2_ws/install/turtlesim/share/turtlesim/srv/TeleportRelative_Request.msg
[21.621s] -- Symlinking: /home/karol/Desktop/repos/ros2_tutorials/ros2_ws/install/turtlesim/share/turtlesim/srv/TeleportRelative_Response.msg
[21.629s] -- Symlinking: /home/karol/Desktop/repos/ros2_tutorials/ros2_ws/install/turtlesim/lib/turtlesim/turtlesim_node
[21.635s] -- Symlinking: /home/karol/Desktop/repos/ros2_tutorials/ros2_ws/install/turtlesim/lib/turtlesim/turtle_teleop_key
[21.642s] -- Symlinking: /home/karol/Desktop/repos/ros2_tutorials/ros2_ws/install/turtlesim/lib/turtlesim/draw_square
[21.648s] -- Symlinking: /home/karol/Desktop/repos/ros2_tutorials/ros2_ws/install/turtlesim/lib/turtlesim/mimic
[21.654s] -- Symlinking: /home/karol/Desktop/repos/ros2_tutorials/ros2_ws/install/turtlesim/share/turtlesim/launch/multisim.launch.py
[21.660s] -- Symlinking: /home/karol/Desktop/repos/ros2_tutorials/ros2_ws/install/turtlesim/share/ament_index/resource_index/package_run_dependencies/turtlesim
[21.667s] -- Symlinking: /home/karol/Desktop/repos/ros2_tutorials/ros2_ws/install/turtlesim/share/ament_index/resource_index/parent_prefix_path/turtlesim
[21.673s] -- Symlinking: /home/karol/Desktop/repos/ros2_tutorials/ros2_ws/install/turtlesim/share/turtlesim/environment/ament_prefix_path.sh
[21.679s] -- Symlinking: /home/karol/Desktop/repos/ros2_tutorials/ros2_ws/install/turtlesim/share/turtlesim/environment/ament_prefix_path.dsv
[21.684s] -- Symlinking: /home/karol/Desktop/repos/ros2_tutorials/ros2_ws/install/turtlesim/share/turtlesim/environment/path.sh
[21.690s] -- Symlinking: /home/karol/Desktop/repos/ros2_tutorials/ros2_ws/install/turtlesim/share/turtlesim/environment/path.dsv
[21.696s] -- Symlinking: /home/karol/Desktop/repos/ros2_tutorials/ros2_ws/install/turtlesim/share/turtlesim/local_setup.bash
[21.701s] -- Symlinking: /home/karol/Desktop/repos/ros2_tutorials/ros2_ws/install/turtlesim/share/turtlesim/local_setup.sh
[21.708s] -- Symlinking: /home/karol/Desktop/repos/ros2_tutorials/ros2_ws/install/turtlesim/share/turtlesim/local_setup.zsh
[21.714s] -- Symlinking: /home/karol/Desktop/repos/ros2_tutorials/ros2_ws/install/turtlesim/share/turtlesim/local_setup.dsv
[21.721s] -- Symlinking: /home/karol/Desktop/repos/ros2_tutorials/ros2_ws/install/turtlesim/share/turtlesim/package.dsv
[21.728s] -- Symlinking: /home/karol/Desktop/repos/ros2_tutorials/ros2_ws/install/turtlesim/share/ament_index/resource_index/packages/turtlesim
[21.734s] -- Symlinking: /home/karol/Desktop/repos/ros2_tutorials/ros2_ws/install/turtlesim/share/turtlesim/cmake/rosidl_cmake-extras.cmake
[21.741s] -- Symlinking: /home/karol/Desktop/repos/ros2_tutorials/ros2_ws/install/turtlesim/share/turtlesim/cmake/ament_cmake_export_dependencies-extras.cmake
[21.747s] -- Symlinking: /home/karol/Desktop/repos/ros2_tutorials/ros2_ws/install/turtlesim/share/turtlesim/cmake/ament_cmake_export_include_directories-extras.cmake
[21.753s] -- Symlinking: /home/karol/Desktop/repos/ros2_tutorials/ros2_ws/install/turtlesim/share/turtlesim/cmake/ament_cmake_export_libraries-extras.cmake
[21.759s] -- Symlinking: /home/karol/Desktop/repos/ros2_tutorials/ros2_ws/install/turtlesim/share/turtlesim/cmake/ament_cmake_export_targets-extras.cmake
[21.765s] -- Symlinking: /home/karol/Desktop/repos/ros2_tutorials/ros2_ws/install/turtlesim/share/turtlesim/cmake/rosidl_cmake_export_typesupport_targets-extras.cmake
[21.772s] -- Symlinking: /home/karol/Desktop/repos/ros2_tutorials/ros2_ws/install/turtlesim/share/turtlesim/cmake/rosidl_cmake_export_typesupport_libraries-extras.cmake
[21.778s] -- Symlinking: /home/karol/Desktop/repos/ros2_tutorials/ros2_ws/install/turtlesim/share/turtlesim/cmake/turtlesimConfig.cmake
[21.784s] -- Symlinking: /home/karol/Desktop/repos/ros2_tutorials/ros2_ws/install/turtlesim/share/turtlesim/cmake/turtlesimConfig-version.cmake
[21.789s] -- Symlinking: /home/karol/Desktop/repos/ros2_tutorials/ros2_ws/install/turtlesim/share/turtlesim/package.xml
[21.795s] -- Installing: /home/karol/Desktop/repos/ros2_tutorials/ros2_ws/install/turtlesim/lib/libturtlesim__rosidl_generator_c.so
[21.796s] -- Set runtime path of "/home/karol/Desktop/repos/ros2_tutorials/ros2_ws/install/turtlesim/lib/libturtlesim__rosidl_generator_c.so" to ""
[21.796s] -- Installing: /home/karol/Desktop/repos/ros2_tutorials/ros2_ws/install/turtlesim/lib/libturtlesim__rosidl_typesupport_fastrtps_c.so
[21.796s] -- Set runtime path of "/home/karol/Desktop/repos/ros2_tutorials/ros2_ws/install/turtlesim/lib/libturtlesim__rosidl_typesupport_fastrtps_c.so" to ""
[21.796s] -- Installing: /home/karol/Desktop/repos/ros2_tutorials/ros2_ws/install/turtlesim/lib/libturtlesim__rosidl_typesupport_fastrtps_cpp.so
[21.797s] -- Set runtime path of "/home/karol/Desktop/repos/ros2_tutorials/ros2_ws/install/turtlesim/lib/libturtlesim__rosidl_typesupport_fastrtps_cpp.so" to ""
[21.797s] -- Installing: /home/karol/Desktop/repos/ros2_tutorials/ros2_ws/install/turtlesim/lib/libturtlesim__rosidl_typesupport_introspection_c.so
[21.797s] -- Set runtime path of "/home/karol/Desktop/repos/ros2_tutorials/ros2_ws/install/turtlesim/lib/libturtlesim__rosidl_typesupport_introspection_c.so" to ""
[21.797s] -- Installing: /home/karol/Desktop/repos/ros2_tutorials/ros2_ws/install/turtlesim/lib/libturtlesim__rosidl_typesupport_c.so
[21.797s] -- Set runtime path of "/home/karol/Desktop/repos/ros2_tutorials/ros2_ws/install/turtlesim/lib/libturtlesim__rosidl_typesupport_c.so" to ""
[21.798s] -- Installing: /home/karol/Desktop/repos/ros2_tutorials/ros2_ws/install/turtlesim/lib/libturtlesim__rosidl_typesupport_introspection_cpp.so
[21.798s] -- Set runtime path of "/home/karol/Desktop/repos/ros2_tutorials/ros2_ws/install/turtlesim/lib/libturtlesim__rosidl_typesupport_introspection_cpp.so" to ""
[21.798s] -- Installing: /home/karol/Desktop/repos/ros2_tutorials/ros2_ws/install/turtlesim/lib/libturtlesim__rosidl_typesupport_cpp.so
[21.798s] -- Set runtime path of "/home/karol/Desktop/repos/ros2_tutorials/ros2_ws/install/turtlesim/lib/libturtlesim__rosidl_typesupport_cpp.so" to ""
[21.835s] Listing '/home/karol/Desktop/repos/ros2_tutorials/ros2_ws/install/turtlesim/local/lib/python3.10/dist-packages/turtlesim'...
[21.835s] Compiling '/home/karol/Desktop/repos/ros2_tutorials/ros2_ws/install/turtlesim/local/lib/python3.10/dist-packages/turtlesim/__init__.py'...
[21.835s] Listing '/home/karol/Desktop/repos/ros2_tutorials/ros2_ws/install/turtlesim/local/lib/python3.10/dist-packages/turtlesim/action'...
[21.835s] Compiling '/home/karol/Desktop/repos/ros2_tutorials/ros2_ws/install/turtlesim/local/lib/python3.10/dist-packages/turtlesim/action/__init__.py'...
[21.835s] Compiling '/home/karol/Desktop/repos/ros2_tutorials/ros2_ws/install/turtlesim/local/lib/python3.10/dist-packages/turtlesim/action/_rotate_absolute.py'...
[21.835s] Listing '/home/karol/Desktop/repos/ros2_tutorials/ros2_ws/install/turtlesim/local/lib/python3.10/dist-packages/turtlesim/msg'...
[21.835s] Compiling '/home/karol/Desktop/repos/ros2_tutorials/ros2_ws/install/turtlesim/local/lib/python3.10/dist-packages/turtlesim/msg/__init__.py'...
[21.835s] Compiling '/home/karol/Desktop/repos/ros2_tutorials/ros2_ws/install/turtlesim/local/lib/python3.10/dist-packages/turtlesim/msg/_color.py'...
[21.835s] Compiling '/home/karol/Desktop/repos/ros2_tutorials/ros2_ws/install/turtlesim/local/lib/python3.10/dist-packages/turtlesim/msg/_pose.py'...
[21.835s] Listing '/home/karol/Desktop/repos/ros2_tutorials/ros2_ws/install/turtlesim/local/lib/python3.10/dist-packages/turtlesim/srv'...
[21.835s] Compiling '/home/karol/Desktop/repos/ros2_tutorials/ros2_ws/install/turtlesim/local/lib/python3.10/dist-packages/turtlesim/srv/__init__.py'...
[21.835s] Compiling '/home/karol/Desktop/repos/ros2_tutorials/ros2_ws/install/turtlesim/local/lib/python3.10/dist-packages/turtlesim/srv/_kill.py'...
[21.835s] Compiling '/home/karol/Desktop/repos/ros2_tutorials/ros2_ws/install/turtlesim/local/lib/python3.10/dist-packages/turtlesim/srv/_set_pen.py'...
[21.835s] Compiling '/home/karol/Desktop/repos/ros2_tutorials/ros2_ws/install/turtlesim/local/lib/python3.10/dist-packages/turtlesim/srv/_spawn.py'...
[21.835s] Compiling '/home/karol/Desktop/repos/ros2_tutorials/ros2_ws/install/turtlesim/local/lib/python3.10/dist-packages/turtlesim/srv/_teleport_absolute.py'...
[21.835s] Compiling '/home/karol/Desktop/repos/ros2_tutorials/ros2_ws/install/turtlesim/local/lib/python3.10/dist-packages/turtlesim/srv/_teleport_relative.py'...
[21.839s] -- Installing: /home/karol/Desktop/repos/ros2_tutorials/ros2_ws/install/turtlesim/lib/libturtlesim__rosidl_generator_py.so
[21.839s] -- Set runtime path of "/home/karol/Desktop/repos/ros2_tutorials/ros2_ws/install/turtlesim/lib/libturtlesim__rosidl_generator_py.so" to ""
[21.839s] -- Installing: /home/karol/Desktop/repos/ros2_tutorials/ros2_ws/install/turtlesim/share/turtlesim/images
[21.839s] -- Installing: /home/karol/Desktop/repos/ros2_tutorials/ros2_ws/install/turtlesim/share/turtlesim/images/bouncy.png
[21.839s] -- Installing: /home/karol/Desktop/repos/ros2_tutorials/ros2_ws/install/turtlesim/share/turtlesim/images/foxy.png
[21.839s] -- Installing: /home/karol/Desktop/repos/ros2_tutorials/ros2_ws/install/turtlesim/share/turtlesim/images/ardent.png
[21.840s] -- Installing: /home/karol/Desktop/repos/ros2_tutorials/ros2_ws/install/turtlesim/share/turtlesim/images/dashing.png
[21.840s] -- Installing: /home/karol/Desktop/repos/ros2_tutorials/ros2_ws/install/turtlesim/share/turtlesim/images/humble.png
[21.840s] -- Installing: /home/karol/Desktop/repos/ros2_tutorials/ros2_ws/install/turtlesim/share/turtlesim/images/crystal.png
[21.840s] -- Installing: /home/karol/Desktop/repos/ros2_tutorials/ros2_ws/install/turtlesim/share/turtlesim/images/galactic.png
[21.840s] -- Installing: /home/karol/Desktop/repos/ros2_tutorials/ros2_ws/install/turtlesim/share/turtlesim/images/rolling.png
[21.840s] -- Installing: /home/karol/Desktop/repos/ros2_tutorials/ros2_ws/install/turtlesim/share/turtlesim/images/eloquent.png
[21.840s] -- Installing: /home/karol/Desktop/repos/ros2_tutorials/ros2_ws/install/turtlesim/share/turtlesim/cmake/export_turtlesim__rosidl_generator_cExport.cmake
[21.840s] -- Installing: /home/karol/Desktop/repos/ros2_tutorials/ros2_ws/install/turtlesim/share/turtlesim/cmake/export_turtlesim__rosidl_generator_cExport-noconfig.cmake
[21.840s] -- Installing: /home/karol/Desktop/repos/ros2_tutorials/ros2_ws/install/turtlesim/share/turtlesim/cmake/export_turtlesim__rosidl_typesupport_fastrtps_cExport.cmake
[21.840s] -- Installing: /home/karol/Desktop/repos/ros2_tutorials/ros2_ws/install/turtlesim/share/turtlesim/cmake/export_turtlesim__rosidl_typesupport_fastrtps_cExport-noconfig.cmake
[21.840s] -- Installing: /home/karol/Desktop/repos/ros2_tutorials/ros2_ws/install/turtlesim/share/turtlesim/cmake/export_turtlesim__rosidl_generator_cppExport.cmake
[21.840s] -- Installing: /home/karol/Desktop/repos/ros2_tutorials/ros2_ws/install/turtlesim/share/turtlesim/cmake/export_turtlesim__rosidl_typesupport_fastrtps_cppExport.cmake
[21.840s] -- Installing: /home/karol/Desktop/repos/ros2_tutorials/ros2_ws/install/turtlesim/share/turtlesim/cmake/export_turtlesim__rosidl_typesupport_fastrtps_cppExport-noconfig.cmake
[21.840s] -- Installing: /home/karol/Desktop/repos/ros2_tutorials/ros2_ws/install/turtlesim/share/turtlesim/cmake/turtlesim__rosidl_typesupport_introspection_cExport.cmake
[21.841s] -- Installing: /home/karol/Desktop/repos/ros2_tutorials/ros2_ws/install/turtlesim/share/turtlesim/cmake/turtlesim__rosidl_typesupport_introspection_cExport-noconfig.cmake
[21.841s] -- Installing: /home/karol/Desktop/repos/ros2_tutorials/ros2_ws/install/turtlesim/share/turtlesim/cmake/turtlesim__rosidl_typesupport_cExport.cmake
[21.841s] -- Installing: /home/karol/Desktop/repos/ros2_tutorials/ros2_ws/install/turtlesim/share/turtlesim/cmake/turtlesim__rosidl_typesupport_cExport-noconfig.cmake
[21.841s] -- Installing: /home/karol/Desktop/repos/ros2_tutorials/ros2_ws/install/turtlesim/share/turtlesim/cmake/turtlesim__rosidl_typesupport_introspection_cppExport.cmake
[21.841s] -- Installing: /home/karol/Desktop/repos/ros2_tutorials/ros2_ws/install/turtlesim/share/turtlesim/cmake/turtlesim__rosidl_typesupport_introspection_cppExport-noconfig.cmake
[21.841s] -- Installing: /home/karol/Desktop/repos/ros2_tutorials/ros2_ws/install/turtlesim/share/turtlesim/cmake/turtlesim__rosidl_typesupport_cppExport.cmake
[21.841s] -- Installing: /home/karol/Desktop/repos/ros2_tutorials/ros2_ws/install/turtlesim/share/turtlesim/cmake/turtlesim__rosidl_typesupport_cppExport-noconfig.cmake
[21.841s] -- Installing: /home/karol/Desktop/repos/ros2_tutorials/ros2_ws/install/turtlesim/share/turtlesim/cmake/export_turtlesim__rosidl_generator_pyExport.cmake
[21.841s] -- Installing: /home/karol/Desktop/repos/ros2_tutorials/ros2_ws/install/turtlesim/share/turtlesim/cmake/export_turtlesim__rosidl_generator_pyExport-noconfig.cmake
[21.843s] Invoked command in '/home/karol/Desktop/repos/ros2_tutorials/ros2_ws/build/turtlesim' returned '0': CMAKE_PREFIX_PATH=/opt/ros/humble VIRTUAL_ENV_PROMPT=(tutorial_env) /usr/bin/cmake --install /home/karol/Desktop/repos/ros2_tutorials/ros2_ws/build/turtlesim
