[0.483s] Invoking command in '/home/karol/Desktop/repos/ros2_tutorials/ros2_ws/src/py_srvcli': PYTHONPATH=/home/karol/Desktop/repos/ros2_tutorials/ros2_ws/build/py_srvcli/prefix_override:/usr/lib/python3/dist-packages/colcon_core/task/python/colcon_distutils_commands:/home/karol/Desktop/repos/ros2_tutorials/ros2_ws/install/py_srvcli/lib/python3.10/site-packages:${PYTHONPATH} /usr/bin/python3 -W ignore:setup.py install is deprecated -W ignore:easy_install command is deprecated setup.py egg_info --egg-base ../../build/py_srvcli build --build-base /home/karol/Desktop/repos/ros2_tutorials/ros2_ws/build/py_srvcli/build install --record /home/karol/Desktop/repos/ros2_tutorials/ros2_ws/build/py_srvcli/install.log --single-version-externally-managed install_data
[0.667s] running egg_info
[0.668s] writing ../../build/py_srvcli/py_srvcli.egg-info/PKG-INFO
[0.668s] writing dependency_links to ../../build/py_srvcli/py_srvcli.egg-info/dependency_links.txt
[0.668s] writing entry points to ../../build/py_srvcli/py_srvcli.egg-info/entry_points.txt
[0.668s] writing requirements to ../../build/py_srvcli/py_srvcli.egg-info/requires.txt
[0.668s] writing top-level names to ../../build/py_srvcli/py_srvcli.egg-info/top_level.txt
[0.669s] reading manifest file '../../build/py_srvcli/py_srvcli.egg-info/SOURCES.txt'
[0.669s] adding license file 'LICENSE'
[0.670s] writing manifest file '../../build/py_srvcli/py_srvcli.egg-info/SOURCES.txt'
[0.670s] running build
[0.670s] running build_py
[0.670s] copying py_srvcli/client_member_function.py -> /home/karol/Desktop/repos/ros2_tutorials/ros2_ws/build/py_srvcli/build/lib/py_srvcli
[0.670s] copying py_srvcli/service_member_function.py -> /home/karol/Desktop/repos/ros2_tutorials/ros2_ws/build/py_srvcli/build/lib/py_srvcli
[0.670s] running install
[0.670s] running install_lib
[0.671s] copying /home/karol/Desktop/repos/ros2_tutorials/ros2_ws/build/py_srvcli/build/lib/py_srvcli/client_member_function.py -> /home/karol/Desktop/repos/ros2_tutorials/ros2_ws/install/py_srvcli/lib/python3.10/site-packages/py_srvcli
[0.671s] copying /home/karol/Desktop/repos/ros2_tutorials/ros2_ws/build/py_srvcli/build/lib/py_srvcli/service_member_function.py -> /home/karol/Desktop/repos/ros2_tutorials/ros2_ws/install/py_srvcli/lib/python3.10/site-packages/py_srvcli
[0.671s] byte-compiling /home/karol/Desktop/repos/ros2_tutorials/ros2_ws/install/py_srvcli/lib/python3.10/site-packages/py_srvcli/client_member_function.py to client_member_function.cpython-310.pyc
[0.672s] byte-compiling /home/karol/Desktop/repos/ros2_tutorials/ros2_ws/install/py_srvcli/lib/python3.10/site-packages/py_srvcli/service_member_function.py to service_member_function.cpython-310.pyc
[0.672s] running install_data
[0.672s] running install_egg_info
[0.673s] removing '/home/karol/Desktop/repos/ros2_tutorials/ros2_ws/install/py_srvcli/lib/python3.10/site-packages/py_srvcli-0.0.0-py3.10.egg-info' (and everything under it)
[0.673s] Copying ../../build/py_srvcli/py_srvcli.egg-info to /home/karol/Desktop/repos/ros2_tutorials/ros2_ws/install/py_srvcli/lib/python3.10/site-packages/py_srvcli-0.0.0-py3.10.egg-info
[0.674s] running install_scripts
[0.688s] Installing client script to /home/karol/Desktop/repos/ros2_tutorials/ros2_ws/install/py_srvcli/lib/py_srvcli
[0.688s] Installing service script to /home/karol/Desktop/repos/ros2_tutorials/ros2_ws/install/py_srvcli/lib/py_srvcli
[0.688s] writing list of installed files to '/home/karol/Desktop/repos/ros2_tutorials/ros2_ws/build/py_srvcli/install.log'
[0.709s] Invoked command in '/home/karol/Desktop/repos/ros2_tutorials/ros2_ws/src/py_srvcli' returned '0': PYTHONPATH=/home/karol/Desktop/repos/ros2_tutorials/ros2_ws/build/py_srvcli/prefix_override:/usr/lib/python3/dist-packages/colcon_core/task/python/colcon_distutils_commands:/home/karol/Desktop/repos/ros2_tutorials/ros2_ws/install/py_srvcli/lib/python3.10/site-packages:${PYTHONPATH} /usr/bin/python3 -W ignore:setup.py install is deprecated -W ignore:easy_install command is deprecated setup.py egg_info --egg-base ../../build/py_srvcli build --build-base /home/karol/Desktop/repos/ros2_tutorials/ros2_ws/build/py_srvcli/build install --record /home/karol/Desktop/repos/ros2_tutorials/ros2_ws/build/py_srvcli/install.log --single-version-externally-managed install_data
