[0.010s] Invoking command in '/home/karol/Desktop/repos/ROS_Tutorials/ros2_ws/build/my_cpp_pkg': CMAKE_PREFIX_PATH=/opt/ros/humble /usr/bin/cmake /home/karol/Desktop/repos/ROS_Tutorials/ros2_ws/src/my_cpp_pkg -DCMAKE_INSTALL_PREFIX=/home/karol/Desktop/repos/ROS_Tutorials/ros2_ws/install/my_cpp_pkg
[0.121s] -- The C compiler identification is GNU 11.4.0
[0.213s] -- The CXX compiler identification is GNU 11.4.0
[0.223s] -- Detecting C compiler ABI info
[0.283s] -- Detecting C compiler ABI info - done
[0.289s] -- Check for working C compiler: /usr/bin/cc - skipped
[0.290s] -- Detecting C compile features
[0.290s] -- Detecting C compile features - done
[0.293s] -- Detecting CXX compiler ABI info
[0.361s] -- Detecting CXX compiler ABI info - done
[0.368s] -- Check for working CXX compiler: /usr/bin/c++ - skipped
[0.368s] -- Detecting CXX compile features
[0.368s] -- Detecting CXX compile features - done
[0.370s] -- Found ament_cmake: 1.3.10 (/opt/ros/humble/share/ament_cmake/cmake)
[0.486s] -- Found Python3: /usr/bin/python3 (found version "3.10.12") found components: Interpreter 
[0.567s] -- Found rclcpp: 16.0.10 (/opt/ros/humble/share/rclcpp/cmake)
[0.613s] -- Found rosidl_generator_c: 3.1.5 (/opt/ros/humble/share/rosidl_generator_c/cmake)
[0.617s] -- Found rosidl_adapter: 3.1.5 (/opt/ros/humble/share/rosidl_adapter/cmake)
[0.624s] -- Found rosidl_generator_cpp: 3.1.5 (/opt/ros/humble/share/rosidl_generator_cpp/cmake)
[0.633s] -- Using all available rosidl_typesupport_c: rosidl_typesupport_fastrtps_c;rosidl_typesupport_introspection_c
[0.645s] -- Using all available rosidl_typesupport_cpp: rosidl_typesupport_fastrtps_cpp;rosidl_typesupport_introspection_cpp
[0.679s] -- Found rmw_implementation_cmake: 6.1.2 (/opt/ros/humble/share/rmw_implementation_cmake/cmake)
[0.680s] -- Found rmw_fastrtps_cpp: 6.2.7 (/opt/ros/humble/share/rmw_fastrtps_cpp/cmake)
[0.760s] -- Found OpenSSL: /usr/lib/x86_64-linux-gnu/libcrypto.so (found version "3.0.2")  
[0.783s] -- Found FastRTPS: /opt/ros/humble/include  
[0.820s] -- Using RMW implementation 'rmw_fastrtps_cpp' as default
[0.827s] -- Looking for pthread.h
[0.895s] -- Looking for pthread.h - found
[0.895s] -- Performing Test CMAKE_HAVE_LIBC_PTHREAD
[0.958s] -- Performing Test CMAKE_HAVE_LIBC_PTHREAD - Success
[0.959s] -- Found Threads: TRUE  
[1.025s] -- Found ament_lint_auto: 0.12.11 (/opt/ros/humble/share/ament_lint_auto/cmake)
[1.083s] -- Added test 'lint_cmake' to check CMake code style
[1.084s] -- Added test 'xmllint' to check XML markup files
[1.085s] -- Configuring done
[1.089s] -- Generating done
[1.091s] -- Build files have been written to: /home/karol/Desktop/repos/ROS_Tutorials/ros2_ws/build/my_cpp_pkg
[1.098s] Invoked command in '/home/karol/Desktop/repos/ROS_Tutorials/ros2_ws/build/my_cpp_pkg' returned '0': CMAKE_PREFIX_PATH=/opt/ros/humble /usr/bin/cmake /home/karol/Desktop/repos/ROS_Tutorials/ros2_ws/src/my_cpp_pkg -DCMAKE_INSTALL_PREFIX=/home/karol/Desktop/repos/ROS_Tutorials/ros2_ws/install/my_cpp_pkg
[1.100s] Invoking command in '/home/karol/Desktop/repos/ROS_Tutorials/ros2_ws/build/my_cpp_pkg': CMAKE_PREFIX_PATH=/opt/ros/humble /usr/bin/cmake --build /home/karol/Desktop/repos/ROS_Tutorials/ros2_ws/build/my_cpp_pkg -- -j12 -l12
[1.134s] Invoked command in '/home/karol/Desktop/repos/ROS_Tutorials/ros2_ws/build/my_cpp_pkg' returned '0': CMAKE_PREFIX_PATH=/opt/ros/humble /usr/bin/cmake --build /home/karol/Desktop/repos/ROS_Tutorials/ros2_ws/build/my_cpp_pkg -- -j12 -l12
[1.144s] Invoking command in '/home/karol/Desktop/repos/ROS_Tutorials/ros2_ws/build/my_cpp_pkg': CMAKE_PREFIX_PATH=/opt/ros/humble /usr/bin/cmake --install /home/karol/Desktop/repos/ROS_Tutorials/ros2_ws/build/my_cpp_pkg
[1.151s] -- Install configuration: ""
[1.151s] -- Installing: /home/karol/Desktop/repos/ROS_Tutorials/ros2_ws/install/my_cpp_pkg/share/ament_index/resource_index/package_run_dependencies/my_cpp_pkg
[1.151s] -- Installing: /home/karol/Desktop/repos/ROS_Tutorials/ros2_ws/install/my_cpp_pkg/share/ament_index/resource_index/parent_prefix_path/my_cpp_pkg
[1.152s] -- Installing: /home/karol/Desktop/repos/ROS_Tutorials/ros2_ws/install/my_cpp_pkg/share/my_cpp_pkg/environment/ament_prefix_path.sh
[1.152s] -- Installing: /home/karol/Desktop/repos/ROS_Tutorials/ros2_ws/install/my_cpp_pkg/share/my_cpp_pkg/environment/ament_prefix_path.dsv
[1.152s] -- Installing: /home/karol/Desktop/repos/ROS_Tutorials/ros2_ws/install/my_cpp_pkg/share/my_cpp_pkg/environment/path.sh
[1.152s] -- Installing: /home/karol/Desktop/repos/ROS_Tutorials/ros2_ws/install/my_cpp_pkg/share/my_cpp_pkg/environment/path.dsv
[1.152s] -- Installing: /home/karol/Desktop/repos/ROS_Tutorials/ros2_ws/install/my_cpp_pkg/share/my_cpp_pkg/local_setup.bash
[1.152s] -- Installing: /home/karol/Desktop/repos/ROS_Tutorials/ros2_ws/install/my_cpp_pkg/share/my_cpp_pkg/local_setup.sh
[1.152s] -- Installing: /home/karol/Desktop/repos/ROS_Tutorials/ros2_ws/install/my_cpp_pkg/share/my_cpp_pkg/local_setup.zsh
[1.153s] -- Installing: /home/karol/Desktop/repos/ROS_Tutorials/ros2_ws/install/my_cpp_pkg/share/my_cpp_pkg/local_setup.dsv
[1.153s] -- Installing: /home/karol/Desktop/repos/ROS_Tutorials/ros2_ws/install/my_cpp_pkg/share/my_cpp_pkg/package.dsv
[1.153s] -- Installing: /home/karol/Desktop/repos/ROS_Tutorials/ros2_ws/install/my_cpp_pkg/share/ament_index/resource_index/packages/my_cpp_pkg
[1.153s] -- Installing: /home/karol/Desktop/repos/ROS_Tutorials/ros2_ws/install/my_cpp_pkg/share/my_cpp_pkg/cmake/my_cpp_pkgConfig.cmake
[1.153s] -- Installing: /home/karol/Desktop/repos/ROS_Tutorials/ros2_ws/install/my_cpp_pkg/share/my_cpp_pkg/cmake/my_cpp_pkgConfig-version.cmake
[1.153s] -- Installing: /home/karol/Desktop/repos/ROS_Tutorials/ros2_ws/install/my_cpp_pkg/share/my_cpp_pkg/package.xml
[1.155s] Invoked command in '/home/karol/Desktop/repos/ROS_Tutorials/ros2_ws/build/my_cpp_pkg' returned '0': CMAKE_PREFIX_PATH=/opt/ros/humble /usr/bin/cmake --install /home/karol/Desktop/repos/ROS_Tutorials/ros2_ws/build/my_cpp_pkg
