[0.430s] Invoking command in '/home/karol/Desktop/repos/ros2_tutorials/ros2_ws/src/my_package': PYTHONPATH=/home/karol/Desktop/repos/ros2_tutorials/ros2_ws/build/my_package/prefix_override:/usr/lib/python3/dist-packages/colcon_core/task/python/colcon_distutils_commands:/home/karol/Desktop/repos/ros2_tutorials/ros2_ws/install/my_package/lib/python3.10/site-packages:${PYTHONPATH} /usr/bin/python3 -W ignore:setup.py install is deprecated -W ignore:easy_install command is deprecated setup.py egg_info --egg-base ../../build/my_package build --build-base /home/karol/Desktop/repos/ros2_tutorials/ros2_ws/build/my_package/build install --record /home/karol/Desktop/repos/ros2_tutorials/ros2_ws/build/my_package/install.log --single-version-externally-managed install_data
[0.594s] running egg_info
[0.595s] writing ../../build/my_package/my_package.egg-info/PKG-INFO
[0.595s] writing dependency_links to ../../build/my_package/my_package.egg-info/dependency_links.txt
[0.595s] writing entry points to ../../build/my_package/my_package.egg-info/entry_points.txt
[0.595s] writing requirements to ../../build/my_package/my_package.egg-info/requires.txt
[0.595s] writing top-level names to ../../build/my_package/my_package.egg-info/top_level.txt
[0.596s] reading manifest file '../../build/my_package/my_package.egg-info/SOURCES.txt'
[0.596s] adding license file 'LICENSE'
[0.597s] writing manifest file '../../build/my_package/my_package.egg-info/SOURCES.txt'
[0.597s] running build
[0.597s] running build_py
[0.597s] running install
[0.597s] running install_lib
[0.598s] running install_data
[0.598s] running install_egg_info
[0.599s] removing '/home/karol/Desktop/repos/ros2_tutorials/ros2_ws/install/my_package/lib/python3.10/site-packages/my_package-0.0.0-py3.10.egg-info' (and everything under it)
[0.599s] Copying ../../build/my_package/my_package.egg-info to /home/karol/Desktop/repos/ros2_tutorials/ros2_ws/install/my_package/lib/python3.10/site-packages/my_package-0.0.0-py3.10.egg-info
[0.600s] running install_scripts
[0.614s] Installing my_node script to /home/karol/Desktop/repos/ros2_tutorials/ros2_ws/install/my_package/lib/my_package
[0.614s] writing list of installed files to '/home/karol/Desktop/repos/ros2_tutorials/ros2_ws/build/my_package/install.log'
[0.635s] Invoked command in '/home/karol/Desktop/repos/ros2_tutorials/ros2_ws/src/my_package' returned '0': PYTHONPATH=/home/karol/Desktop/repos/ros2_tutorials/ros2_ws/build/my_package/prefix_override:/usr/lib/python3/dist-packages/colcon_core/task/python/colcon_distutils_commands:/home/karol/Desktop/repos/ros2_tutorials/ros2_ws/install/my_package/lib/python3.10/site-packages:${PYTHONPATH} /usr/bin/python3 -W ignore:setup.py install is deprecated -W ignore:easy_install command is deprecated setup.py egg_info --egg-base ../../build/my_package build --build-base /home/karol/Desktop/repos/ros2_tutorials/ros2_ws/build/my_package/build install --record /home/karol/Desktop/repos/ros2_tutorials/ros2_ws/build/my_package/install.log --single-version-externally-managed install_data
