[0.007s] Invoking command in '/home/karol/Desktop/repos/ros2_tutorials/ros2_ws/src/cpp_pubsub/build/cpp_pubsub': CMAKE_PREFIX_PATH=/opt/ros/humble /usr/bin/cmake /home/karol/Desktop/repos/ros2_tutorials/ros2_ws/src/cpp_pubsub -DCMAKE_INSTALL_PREFIX=/home/karol/Desktop/repos/ros2_tutorials/ros2_ws/src/cpp_pubsub/install/cpp_pubsub
[0.058s] -- The C compiler identification is GNU 11.4.0
[0.099s] -- The CXX compiler identification is GNU 11.4.0
[0.104s] -- Detecting C compiler ABI info
[0.159s] -- Detecting C compiler ABI info - done
[0.166s] -- Check for working C compiler: /usr/bin/cc - skipped
[0.166s] -- Detecting C compile features
[0.166s] -- Detecting C compile features - done
[0.169s] -- Detecting CXX compiler ABI info
[0.231s] -- Detecting CXX compiler ABI info - done
[0.239s] -- Check for working CXX compiler: /usr/bin/c++ - skipped
[0.239s] -- Detecting CXX compile features
[0.239s] -- Detecting CXX compile features - done
[0.246s] -- Found ament_cmake: 1.3.11 (/opt/ros/humble/share/ament_cmake/cmake)
[0.356s] -- Found Python3: /usr/bin/python3 (found version "3.10.12") found components: Interpreter 
[0.430s] -- Found rclcpp: 16.0.11 (/opt/ros/humble/share/rclcpp/cmake)
[0.460s] -- Found rosidl_generator_c: 3.1.6 (/opt/ros/humble/share/rosidl_generator_c/cmake)
[0.464s] -- Found rosidl_adapter: 3.1.6 (/opt/ros/humble/share/rosidl_adapter/cmake)
[0.470s] -- Found rosidl_generator_cpp: 3.1.6 (/opt/ros/humble/share/rosidl_generator_cpp/cmake)
[0.479s] -- Using all available rosidl_typesupport_c: rosidl_typesupport_fastrtps_c;rosidl_typesupport_introspection_c
[0.490s] -- Using all available rosidl_typesupport_cpp: rosidl_typesupport_fastrtps_cpp;rosidl_typesupport_introspection_cpp
[0.522s] -- Found rmw_implementation_cmake: 6.1.2 (/opt/ros/humble/share/rmw_implementation_cmake/cmake)
[0.523s] -- Found rmw_fastrtps_cpp: 6.2.7 (/opt/ros/humble/share/rmw_fastrtps_cpp/cmake)
[0.584s] -- Found OpenSSL: /usr/lib/x86_64-linux-gnu/libcrypto.so (found version "3.0.2")  
[0.602s] -- Found FastRTPS: /opt/ros/humble/include  
[0.632s] -- Using RMW implementation 'rmw_fastrtps_cpp' as default
[0.637s] -- Looking for pthread.h
[0.688s] -- Looking for pthread.h - found
[0.689s] -- Performing Test CMAKE_HAVE_LIBC_PTHREAD
[0.744s] -- Performing Test CMAKE_HAVE_LIBC_PTHREAD - Success
[0.744s] -- Found Threads: TRUE  
[0.781s] -- Found ament_lint_auto: 0.12.11 (/opt/ros/humble/share/ament_lint_auto/cmake)
[0.844s] -- Added test 'cppcheck' to perform static code analysis on C / C++ code
[0.844s] -- Configured cppcheck include dirs: 
[0.844s] -- Configured cppcheck exclude dirs and/or files: 
[0.845s] -- Added test 'lint_cmake' to check CMake code style
[0.849s] -- Added test 'uncrustify' to check C / C++ code style
[0.849s] -- Configured uncrustify additional arguments: 
[0.849s] -- Added test 'xmllint' to check XML markup files
[0.850s] -- Configuring done
[0.856s] -- Generating done
[0.858s] -- Build files have been written to: /home/karol/Desktop/repos/ros2_tutorials/ros2_ws/src/cpp_pubsub/build/cpp_pubsub
[0.866s] Invoked command in '/home/karol/Desktop/repos/ros2_tutorials/ros2_ws/src/cpp_pubsub/build/cpp_pubsub' returned '0': CMAKE_PREFIX_PATH=/opt/ros/humble /usr/bin/cmake /home/karol/Desktop/repos/ros2_tutorials/ros2_ws/src/cpp_pubsub -DCMAKE_INSTALL_PREFIX=/home/karol/Desktop/repos/ros2_tutorials/ros2_ws/src/cpp_pubsub/install/cpp_pubsub
[0.867s] Invoking command in '/home/karol/Desktop/repos/ros2_tutorials/ros2_ws/src/cpp_pubsub/build/cpp_pubsub': CMAKE_PREFIX_PATH=/opt/ros/humble /usr/bin/cmake --build /home/karol/Desktop/repos/ros2_tutorials/ros2_ws/src/cpp_pubsub/build/cpp_pubsub -- -j8 -l8
[0.903s] [ 50%] [32mBuilding CXX object CMakeFiles/talker.dir/src/publisher_member_function.cpp.o[0m
[4.039s] [100%] [32m[1mLinking CXX executable talker[0m
[4.177s] [100%] Built target talker
[4.186s] Invoked command in '/home/karol/Desktop/repos/ros2_tutorials/ros2_ws/src/cpp_pubsub/build/cpp_pubsub' returned '0': CMAKE_PREFIX_PATH=/opt/ros/humble /usr/bin/cmake --build /home/karol/Desktop/repos/ros2_tutorials/ros2_ws/src/cpp_pubsub/build/cpp_pubsub -- -j8 -l8
[4.194s] Invoking command in '/home/karol/Desktop/repos/ros2_tutorials/ros2_ws/src/cpp_pubsub/build/cpp_pubsub': CMAKE_PREFIX_PATH=/opt/ros/humble /usr/bin/cmake --install /home/karol/Desktop/repos/ros2_tutorials/ros2_ws/src/cpp_pubsub/build/cpp_pubsub
[4.199s] -- Install configuration: ""
[4.199s] -- Installing: /home/karol/Desktop/repos/ros2_tutorials/ros2_ws/src/cpp_pubsub/install/cpp_pubsub/lib/cpp_pubsub/talker
[4.200s] -- Set runtime path of "/home/karol/Desktop/repos/ros2_tutorials/ros2_ws/src/cpp_pubsub/install/cpp_pubsub/lib/cpp_pubsub/talker" to ""
[4.200s] -- Installing: /home/karol/Desktop/repos/ros2_tutorials/ros2_ws/src/cpp_pubsub/install/cpp_pubsub/share/ament_index/resource_index/package_run_dependencies/cpp_pubsub
[4.200s] -- Installing: /home/karol/Desktop/repos/ros2_tutorials/ros2_ws/src/cpp_pubsub/install/cpp_pubsub/share/ament_index/resource_index/parent_prefix_path/cpp_pubsub
[4.200s] -- Installing: /home/karol/Desktop/repos/ros2_tutorials/ros2_ws/src/cpp_pubsub/install/cpp_pubsub/share/cpp_pubsub/environment/ament_prefix_path.sh
[4.200s] -- Installing: /home/karol/Desktop/repos/ros2_tutorials/ros2_ws/src/cpp_pubsub/install/cpp_pubsub/share/cpp_pubsub/environment/ament_prefix_path.dsv
[4.200s] -- Installing: /home/karol/Desktop/repos/ros2_tutorials/ros2_ws/src/cpp_pubsub/install/cpp_pubsub/share/cpp_pubsub/environment/path.sh
[4.200s] -- Installing: /home/karol/Desktop/repos/ros2_tutorials/ros2_ws/src/cpp_pubsub/install/cpp_pubsub/share/cpp_pubsub/environment/path.dsv
[4.200s] -- Installing: /home/karol/Desktop/repos/ros2_tutorials/ros2_ws/src/cpp_pubsub/install/cpp_pubsub/share/cpp_pubsub/local_setup.bash
[4.200s] -- Installing: /home/karol/Desktop/repos/ros2_tutorials/ros2_ws/src/cpp_pubsub/install/cpp_pubsub/share/cpp_pubsub/local_setup.sh
[4.200s] -- Installing: /home/karol/Desktop/repos/ros2_tutorials/ros2_ws/src/cpp_pubsub/install/cpp_pubsub/share/cpp_pubsub/local_setup.zsh
[4.200s] -- Installing: /home/karol/Desktop/repos/ros2_tutorials/ros2_ws/src/cpp_pubsub/install/cpp_pubsub/share/cpp_pubsub/local_setup.dsv
[4.200s] -- Installing: /home/karol/Desktop/repos/ros2_tutorials/ros2_ws/src/cpp_pubsub/install/cpp_pubsub/share/cpp_pubsub/package.dsv
[4.201s] -- Installing: /home/karol/Desktop/repos/ros2_tutorials/ros2_ws/src/cpp_pubsub/install/cpp_pubsub/share/ament_index/resource_index/packages/cpp_pubsub
[4.201s] -- Installing: /home/karol/Desktop/repos/ros2_tutorials/ros2_ws/src/cpp_pubsub/install/cpp_pubsub/share/cpp_pubsub/cmake/cpp_pubsubConfig.cmake
[4.201s] -- Installing: /home/karol/Desktop/repos/ros2_tutorials/ros2_ws/src/cpp_pubsub/install/cpp_pubsub/share/cpp_pubsub/cmake/cpp_pubsubConfig-version.cmake
[4.201s] -- Installing: /home/karol/Desktop/repos/ros2_tutorials/ros2_ws/src/cpp_pubsub/install/cpp_pubsub/share/cpp_pubsub/package.xml
[4.202s] Invoked command in '/home/karol/Desktop/repos/ros2_tutorials/ros2_ws/src/cpp_pubsub/build/cpp_pubsub' returned '0': CMAKE_PREFIX_PATH=/opt/ros/humble /usr/bin/cmake --install /home/karol/Desktop/repos/ros2_tutorials/ros2_ws/src/cpp_pubsub/build/cpp_pubsub
