[0.506s] Invoking command in '/home/karol/Desktop/repos/ros2_tutorials/ros2_ws/src/my_package': PYTHONPATH=/home/karol/Desktop/repos/ros2_tutorials/ros2_ws/build/my_package/prefix_override:/usr/lib/python3/dist-packages/colcon_core/task/python/colcon_distutils_commands:/home/karol/Desktop/repos/ros2_tutorials/ros2_ws/install/my_package/lib/python3.10/site-packages:${PYTHONPATH} /usr/bin/python3 -W ignore:setup.py install is deprecated -W ignore:easy_install command is deprecated setup.py egg_info --egg-base ../../build/my_package build --build-base /home/karol/Desktop/repos/ros2_tutorials/ros2_ws/build/my_package/build install --record /home/karol/Desktop/repos/ros2_tutorials/ros2_ws/build/my_package/install.log --single-version-externally-managed install_data
[0.682s] running egg_info
[0.682s] creating ../../build/my_package/my_package.egg-info
[0.682s] writing ../../build/my_package/my_package.egg-info/PKG-INFO
[0.682s] writing dependency_links to ../../build/my_package/my_package.egg-info/dependency_links.txt
[0.682s] writing entry points to ../../build/my_package/my_package.egg-info/entry_points.txt
[0.682s] writing requirements to ../../build/my_package/my_package.egg-info/requires.txt
[0.683s] writing top-level names to ../../build/my_package/my_package.egg-info/top_level.txt
[0.683s] writing manifest file '../../build/my_package/my_package.egg-info/SOURCES.txt'
[0.684s] reading manifest file '../../build/my_package/my_package.egg-info/SOURCES.txt'
[0.684s] adding license file 'LICENSE'
[0.684s] writing manifest file '../../build/my_package/my_package.egg-info/SOURCES.txt'
[0.684s] running build
[0.684s] running build_py
[0.684s] creating /home/karol/Desktop/repos/ros2_tutorials/ros2_ws/build/my_package/build
[0.684s] creating /home/karol/Desktop/repos/ros2_tutorials/ros2_ws/build/my_package/build/lib
[0.684s] creating /home/karol/Desktop/repos/ros2_tutorials/ros2_ws/build/my_package/build/lib/my_package
[0.684s] copying my_package/__init__.py -> /home/karol/Desktop/repos/ros2_tutorials/ros2_ws/build/my_package/build/lib/my_package
[0.685s] copying my_package/my_node.py -> /home/karol/Desktop/repos/ros2_tutorials/ros2_ws/build/my_package/build/lib/my_package
[0.685s] running install
[0.685s] running install_lib
[0.685s] creating /home/karol/Desktop/repos/ros2_tutorials/ros2_ws/install/my_package/lib/python3.10/site-packages/my_package
[0.685s] copying /home/karol/Desktop/repos/ros2_tutorials/ros2_ws/build/my_package/build/lib/my_package/__init__.py -> /home/karol/Desktop/repos/ros2_tutorials/ros2_ws/install/my_package/lib/python3.10/site-packages/my_package
[0.685s] copying /home/karol/Desktop/repos/ros2_tutorials/ros2_ws/build/my_package/build/lib/my_package/my_node.py -> /home/karol/Desktop/repos/ros2_tutorials/ros2_ws/install/my_package/lib/python3.10/site-packages/my_package
[0.686s] byte-compiling /home/karol/Desktop/repos/ros2_tutorials/ros2_ws/install/my_package/lib/python3.10/site-packages/my_package/__init__.py to __init__.cpython-310.pyc
[0.686s] byte-compiling /home/karol/Desktop/repos/ros2_tutorials/ros2_ws/install/my_package/lib/python3.10/site-packages/my_package/my_node.py to my_node.cpython-310.pyc
[0.686s] running install_data
[0.686s] creating /home/karol/Desktop/repos/ros2_tutorials/ros2_ws/install/my_package/share/ament_index
[0.686s] creating /home/karol/Desktop/repos/ros2_tutorials/ros2_ws/install/my_package/share/ament_index/resource_index
[0.686s] creating /home/karol/Desktop/repos/ros2_tutorials/ros2_ws/install/my_package/share/ament_index/resource_index/packages
[0.686s] copying resource/my_package -> /home/karol/Desktop/repos/ros2_tutorials/ros2_ws/install/my_package/share/ament_index/resource_index/packages
[0.686s] copying package.xml -> /home/karol/Desktop/repos/ros2_tutorials/ros2_ws/install/my_package/share/my_package
[0.686s] running install_egg_info
[0.687s] Copying ../../build/my_package/my_package.egg-info to /home/karol/Desktop/repos/ros2_tutorials/ros2_ws/install/my_package/lib/python3.10/site-packages/my_package-0.0.0-py3.10.egg-info
[0.688s] running install_scripts
[0.702s] Installing my_node script to /home/karol/Desktop/repos/ros2_tutorials/ros2_ws/install/my_package/lib/my_package
[0.702s] writing list of installed files to '/home/karol/Desktop/repos/ros2_tutorials/ros2_ws/build/my_package/install.log'
[0.723s] Invoked command in '/home/karol/Desktop/repos/ros2_tutorials/ros2_ws/src/my_package' returned '0': PYTHONPATH=/home/karol/Desktop/repos/ros2_tutorials/ros2_ws/build/my_package/prefix_override:/usr/lib/python3/dist-packages/colcon_core/task/python/colcon_distutils_commands:/home/karol/Desktop/repos/ros2_tutorials/ros2_ws/install/my_package/lib/python3.10/site-packages:${PYTHONPATH} /usr/bin/python3 -W ignore:setup.py install is deprecated -W ignore:easy_install command is deprecated setup.py egg_info --egg-base ../../build/my_package build --build-base /home/karol/Desktop/repos/ros2_tutorials/ros2_ws/build/my_package/build install --record /home/karol/Desktop/repos/ros2_tutorials/ros2_ws/build/my_package/install.log --single-version-externally-managed install_data
