[0.007s] Invoking command in '/home/karol/Desktop/repos/ros2_tutorials/ros2_ws/build/cpp_pubsub': CMAKE_PREFIX_PATH=${CMAKE_PREFIX_PATH}:/home/karol/Desktop/repos/ros2_tutorials/ros2_ws/install/my_package:/opt/ros/humble /usr/bin/cmake /home/karol/Desktop/repos/ros2_tutorials/ros2_ws/src/cpp_pubsub -DCMAKE_INSTALL_PREFIX=/home/karol/Desktop/repos/ros2_tutorials/ros2_ws/install/cpp_pubsub
[0.048s] -- The C compiler identification is GNU 11.4.0
[0.091s] -- The CXX compiler identification is GNU 11.4.0
[0.096s] -- Detecting C compiler ABI info
[0.149s] -- Detecting C compiler ABI info - done
[0.154s] -- Check for working C compiler: /usr/bin/cc - skipped
[0.154s] -- Detecting C compile features
[0.155s] -- Detecting C compile features - done
[0.157s] -- Detecting CXX compiler ABI info
[0.216s] -- Detecting CXX compiler ABI info - done
[0.222s] -- Check for working CXX compiler: /usr/bin/c++ - skipped
[0.222s] -- Detecting CXX compile features
[0.222s] -- Detecting CXX compile features - done
[0.224s] -- Found ament_cmake: 1.3.11 (/opt/ros/humble/share/ament_cmake/cmake)
[0.337s] -- Found Python3: /usr/bin/python3 (found version "3.10.12") found components: Interpreter 
[0.397s] -- Found rclcpp: 16.0.11 (/opt/ros/humble/share/rclcpp/cmake)
[0.425s] -- Found rosidl_generator_c: 3.1.6 (/opt/ros/humble/share/rosidl_generator_c/cmake)
[0.427s] -- Found rosidl_adapter: 3.1.6 (/opt/ros/humble/share/rosidl_adapter/cmake)
[0.432s] -- Found rosidl_generator_cpp: 3.1.6 (/opt/ros/humble/share/rosidl_generator_cpp/cmake)
[0.441s] -- Using all available rosidl_typesupport_c: rosidl_typesupport_fastrtps_c;rosidl_typesupport_introspection_c
[0.451s] -- Using all available rosidl_typesupport_cpp: rosidl_typesupport_fastrtps_cpp;rosidl_typesupport_introspection_cpp
[0.478s] -- Found rmw_implementation_cmake: 6.1.2 (/opt/ros/humble/share/rmw_implementation_cmake/cmake)
[0.480s] -- Found rmw_fastrtps_cpp: 6.2.7 (/opt/ros/humble/share/rmw_fastrtps_cpp/cmake)
[0.544s] -- Found OpenSSL: /usr/lib/x86_64-linux-gnu/libcrypto.so (found version "3.0.2")  
[0.564s] -- Found FastRTPS: /opt/ros/humble/include  
[0.591s] -- Using RMW implementation 'rmw_fastrtps_cpp' as default
[0.596s] -- Looking for pthread.h
[0.651s] -- Looking for pthread.h - found
[0.651s] -- Performing Test CMAKE_HAVE_LIBC_PTHREAD
[0.706s] -- Performing Test CMAKE_HAVE_LIBC_PTHREAD - Success
[0.707s] -- Found Threads: TRUE  
[0.744s] -- Found ament_lint_auto: 0.12.11 (/opt/ros/humble/share/ament_lint_auto/cmake)
[0.803s] -- Added test 'cppcheck' to perform static code analysis on C / C++ code
[0.803s] -- Configured cppcheck include dirs: 
[0.803s] -- Configured cppcheck exclude dirs and/or files: 
[0.804s] -- Added test 'flake8' to check Python code syntax and style conventions
[0.806s] -- Added test 'lint_cmake' to check CMake code style
[0.807s] -- Added test 'pep257' to check Python code against some of the docstring style conventions in PEP 257
[0.813s] -- Added test 'uncrustify' to check C / C++ code style
[0.813s] -- Configured uncrustify additional arguments: 
[0.814s] -- Added test 'xmllint' to check XML markup files
[0.815s] -- Configuring done
[0.824s] -- Generating done
[0.827s] -- Build files have been written to: /home/karol/Desktop/repos/ros2_tutorials/ros2_ws/build/cpp_pubsub
[0.835s] Invoked command in '/home/karol/Desktop/repos/ros2_tutorials/ros2_ws/build/cpp_pubsub' returned '0': CMAKE_PREFIX_PATH=${CMAKE_PREFIX_PATH}:/home/karol/Desktop/repos/ros2_tutorials/ros2_ws/install/my_package:/opt/ros/humble /usr/bin/cmake /home/karol/Desktop/repos/ros2_tutorials/ros2_ws/src/cpp_pubsub -DCMAKE_INSTALL_PREFIX=/home/karol/Desktop/repos/ros2_tutorials/ros2_ws/install/cpp_pubsub
[0.836s] Invoking command in '/home/karol/Desktop/repos/ros2_tutorials/ros2_ws/build/cpp_pubsub': CMAKE_PREFIX_PATH=${CMAKE_PREFIX_PATH}:/home/karol/Desktop/repos/ros2_tutorials/ros2_ws/install/my_package:/opt/ros/humble /usr/bin/cmake --build /home/karol/Desktop/repos/ros2_tutorials/ros2_ws/build/cpp_pubsub -- -j8 -l8
[0.873s] [ 50%] [32mBuilding CXX object CMakeFiles/listener.dir/src/subscriber_member_function.cpp.o[0m
[0.873s] [ 50%] [32mBuilding CXX object CMakeFiles/talker.dir/src/publisher_member_function.cpp.o[0m
[4.265s] [ 75%] [32m[1mLinking CXX executable talker[0m
[4.418s] [ 75%] Built target talker
[7.097s] [100%] [32m[1mLinking CXX executable listener[0m
[7.387s] [100%] Built target listener
[7.397s] Invoked command in '/home/karol/Desktop/repos/ros2_tutorials/ros2_ws/build/cpp_pubsub' returned '0': CMAKE_PREFIX_PATH=${CMAKE_PREFIX_PATH}:/home/karol/Desktop/repos/ros2_tutorials/ros2_ws/install/my_package:/opt/ros/humble /usr/bin/cmake --build /home/karol/Desktop/repos/ros2_tutorials/ros2_ws/build/cpp_pubsub -- -j8 -l8
[7.404s] Invoking command in '/home/karol/Desktop/repos/ros2_tutorials/ros2_ws/build/cpp_pubsub': CMAKE_PREFIX_PATH=${CMAKE_PREFIX_PATH}:/home/karol/Desktop/repos/ros2_tutorials/ros2_ws/install/my_package:/opt/ros/humble /usr/bin/cmake --install /home/karol/Desktop/repos/ros2_tutorials/ros2_ws/build/cpp_pubsub
[7.409s] -- Install configuration: ""
[7.409s] -- Installing: /home/karol/Desktop/repos/ros2_tutorials/ros2_ws/install/cpp_pubsub/lib/cpp_pubsub/talker
[7.410s] -- Set runtime path of "/home/karol/Desktop/repos/ros2_tutorials/ros2_ws/install/cpp_pubsub/lib/cpp_pubsub/talker" to ""
[7.410s] -- Up-to-date: /home/karol/Desktop/repos/ros2_tutorials/ros2_ws/install/cpp_pubsub/lib/cpp_pubsub/talker
[7.410s] -- Installing: /home/karol/Desktop/repos/ros2_tutorials/ros2_ws/install/cpp_pubsub/lib/cpp_pubsub/listener
[7.411s] -- Set runtime path of "/home/karol/Desktop/repos/ros2_tutorials/ros2_ws/install/cpp_pubsub/lib/cpp_pubsub/listener" to ""
[7.412s] -- Installing: /home/karol/Desktop/repos/ros2_tutorials/ros2_ws/install/cpp_pubsub/share/ament_index/resource_index/package_run_dependencies/cpp_pubsub
[7.412s] -- Installing: /home/karol/Desktop/repos/ros2_tutorials/ros2_ws/install/cpp_pubsub/share/ament_index/resource_index/parent_prefix_path/cpp_pubsub
[7.412s] -- Installing: /home/karol/Desktop/repos/ros2_tutorials/ros2_ws/install/cpp_pubsub/share/cpp_pubsub/environment/ament_prefix_path.sh
[7.412s] -- Installing: /home/karol/Desktop/repos/ros2_tutorials/ros2_ws/install/cpp_pubsub/share/cpp_pubsub/environment/ament_prefix_path.dsv
[7.412s] -- Installing: /home/karol/Desktop/repos/ros2_tutorials/ros2_ws/install/cpp_pubsub/share/cpp_pubsub/environment/path.sh
[7.412s] -- Installing: /home/karol/Desktop/repos/ros2_tutorials/ros2_ws/install/cpp_pubsub/share/cpp_pubsub/environment/path.dsv
[7.412s] -- Installing: /home/karol/Desktop/repos/ros2_tutorials/ros2_ws/install/cpp_pubsub/share/cpp_pubsub/local_setup.bash
[7.412s] -- Installing: /home/karol/Desktop/repos/ros2_tutorials/ros2_ws/install/cpp_pubsub/share/cpp_pubsub/local_setup.sh
[7.412s] -- Installing: /home/karol/Desktop/repos/ros2_tutorials/ros2_ws/install/cpp_pubsub/share/cpp_pubsub/local_setup.zsh
[7.412s] -- Installing: /home/karol/Desktop/repos/ros2_tutorials/ros2_ws/install/cpp_pubsub/share/cpp_pubsub/local_setup.dsv
[7.412s] -- Installing: /home/karol/Desktop/repos/ros2_tutorials/ros2_ws/install/cpp_pubsub/share/cpp_pubsub/package.dsv
[7.412s] -- Installing: /home/karol/Desktop/repos/ros2_tutorials/ros2_ws/install/cpp_pubsub/share/ament_index/resource_index/packages/cpp_pubsub
[7.412s] -- Installing: /home/karol/Desktop/repos/ros2_tutorials/ros2_ws/install/cpp_pubsub/share/cpp_pubsub/cmake/cpp_pubsubConfig.cmake
[7.412s] -- Installing: /home/karol/Desktop/repos/ros2_tutorials/ros2_ws/install/cpp_pubsub/share/cpp_pubsub/cmake/cpp_pubsubConfig-version.cmake
[7.412s] -- Installing: /home/karol/Desktop/repos/ros2_tutorials/ros2_ws/install/cpp_pubsub/share/cpp_pubsub/package.xml
[7.414s] Invoked command in '/home/karol/Desktop/repos/ros2_tutorials/ros2_ws/build/cpp_pubsub' returned '0': CMAKE_PREFIX_PATH=${CMAKE_PREFIX_PATH}:/home/karol/Desktop/repos/ros2_tutorials/ros2_ws/install/my_package:/opt/ros/humble /usr/bin/cmake --install /home/karol/Desktop/repos/ros2_tutorials/ros2_ws/build/cpp_pubsub
